{"/Users/arnout.catorpaconsulting.com/OneDrive - PA Consulting Group/lonac70/voice/alexa/MyDailyMenu/lambda/index.js": {"path":"/Users/arnout.catorpaconsulting.com/OneDrive - PA Consulting Group/lonac70/voice/alexa/MyDailyMenu/lambda/index.js","statementMap":{"0":{"start":{"line":17,"column":22},"end":{"line":17,"column":40}},"1":{"start":{"line":18,"column":22},"end":{"line":18,"column":40}},"2":{"start":{"line":19,"column":22},"end":{"line":19,"column":51}},"3":{"start":{"line":20,"column":22},"end":{"line":20,"column":39}},"4":{"start":{"line":23,"column":22},"end":{"line":23,"column":44}},"5":{"start":{"line":25,"column":22},"end":{"line":25,"column":47}},"6":{"start":{"line":27,"column":22},"end":{"line":27,"column":39}},"7":{"start":{"line":30,"column":22},"end":{"line":30,"column":54}},"8":{"start":{"line":32,"column":15},"end":{"line":39,"column":1}},"9":{"start":{"line":45,"column":37},"end":{"line":45,"column":84}},"10":{"start":{"line":46,"column":0},"end":{"line":49,"column":3}},"11":{"start":{"line":55,"column":22},"end":{"line":131,"column":1}},"12":{"start":{"line":57,"column":8},"end":{"line":57,"column":86}},"13":{"start":{"line":68,"column":25},"end":{"line":68,"column":63}},"14":{"start":{"line":69,"column":34},"end":{"line":69,"column":87}},"15":{"start":{"line":70,"column":30},"end":{"line":70,"column":47}},"16":{"start":{"line":71,"column":8},"end":{"line":71,"column":40}},"17":{"start":{"line":72,"column":8},"end":{"line":72,"column":79}},"18":{"start":{"line":76,"column":8},"end":{"line":115,"column":9}},"19":{"start":{"line":77,"column":12},"end":{"line":77,"column":46}},"20":{"start":{"line":78,"column":12},"end":{"line":85,"column":13}},"21":{"start":{"line":79,"column":16},"end":{"line":82,"column":19}},"22":{"start":{"line":84,"column":16},"end":{"line":84,"column":61}},"23":{"start":{"line":86,"column":12},"end":{"line":86,"column":63}},"24":{"start":{"line":89,"column":12},"end":{"line":89,"column":67}},"25":{"start":{"line":92,"column":12},"end":{"line":92,"column":49}},"26":{"start":{"line":93,"column":32},"end":{"line":93,"column":80}},"27":{"start":{"line":94,"column":12},"end":{"line":94,"column":54}},"28":{"start":{"line":95,"column":12},"end":{"line":95,"column":60}},"29":{"start":{"line":96,"column":12},"end":{"line":96,"column":58}},"30":{"start":{"line":97,"column":12},"end":{"line":112,"column":13}},"31":{"start":{"line":99,"column":16},"end":{"line":105,"column":19}},"32":{"start":{"line":108,"column":16},"end":{"line":111,"column":19}},"33":{"start":{"line":114,"column":12},"end":{"line":114,"column":73}},"34":{"start":{"line":116,"column":8},"end":{"line":122,"column":9}},"35":{"start":{"line":117,"column":12},"end":{"line":121,"column":15}},"36":{"start":{"line":123,"column":8},"end":{"line":129,"column":31}},"37":{"start":{"line":142,"column":25},"end":{"line":256,"column":1}},"38":{"start":{"line":144,"column":8},"end":{"line":145,"column":87}},"39":{"start":{"line":149,"column":34},"end":{"line":149,"column":87}},"40":{"start":{"line":150,"column":8},"end":{"line":150,"column":43}},"41":{"start":{"line":151,"column":8},"end":{"line":151,"column":78}},"42":{"start":{"line":152,"column":28},"end":{"line":152,"column":76}},"43":{"start":{"line":154,"column":8},"end":{"line":250,"column":9}},"44":{"start":{"line":155,"column":12},"end":{"line":155,"column":78}},"45":{"start":{"line":157,"column":33},"end":{"line":157,"column":103}},"46":{"start":{"line":158,"column":12},"end":{"line":158,"column":76}},"47":{"start":{"line":159,"column":12},"end":{"line":183,"column":13}},"48":{"start":{"line":160,"column":16},"end":{"line":166,"column":19}},"49":{"start":{"line":167,"column":19},"end":{"line":183,"column":13}},"50":{"start":{"line":168,"column":16},"end":{"line":174,"column":19}},"51":{"start":{"line":176,"column":16},"end":{"line":182,"column":19}},"52":{"start":{"line":184,"column":12},"end":{"line":187,"column":15}},"53":{"start":{"line":188,"column":12},"end":{"line":188,"column":77}},"54":{"start":{"line":189,"column":15},"end":{"line":250,"column":9}},"55":{"start":{"line":190,"column":32},"end":{"line":190,"column":74}},"56":{"start":{"line":192,"column":12},"end":{"line":195,"column":15}},"57":{"start":{"line":196,"column":12},"end":{"line":199,"column":15}},"58":{"start":{"line":201,"column":12},"end":{"line":201,"column":70}},"59":{"start":{"line":204,"column":12},"end":{"line":204,"column":58}},"60":{"start":{"line":205,"column":15},"end":{"line":250,"column":9}},"61":{"start":{"line":207,"column":12},"end":{"line":207,"column":58}},"62":{"start":{"line":208,"column":12},"end":{"line":208,"column":63}},"63":{"start":{"line":209,"column":15},"end":{"line":250,"column":9}},"64":{"start":{"line":211,"column":12},"end":{"line":213,"column":15}},"65":{"start":{"line":214,"column":12},"end":{"line":214,"column":78}},"66":{"start":{"line":215,"column":12},"end":{"line":215,"column":80}},"67":{"start":{"line":218,"column":12},"end":{"line":218,"column":114}},"68":{"start":{"line":219,"column":15},"end":{"line":250,"column":9}},"69":{"start":{"line":222,"column":23},"end":{"line":222,"column":65}},"70":{"start":{"line":224,"column":12},"end":{"line":249,"column":13}},"71":{"start":{"line":225,"column":16},"end":{"line":225,"column":70}},"72":{"start":{"line":226,"column":16},"end":{"line":226,"column":76}},"73":{"start":{"line":228,"column":16},"end":{"line":248,"column":35}},"74":{"start":{"line":251,"column":8},"end":{"line":254,"column":27}},"75":{"start":{"line":257,"column":52},"end":{"line":285,"column":1}},"76":{"start":{"line":259,"column":8},"end":{"line":260,"column":107}},"77":{"start":{"line":264,"column":8},"end":{"line":264,"column":70}},"78":{"start":{"line":266,"column":28},"end":{"line":266,"column":82}},"79":{"start":{"line":267,"column":31},"end":{"line":267,"column":97}},"80":{"start":{"line":268,"column":24},"end":{"line":268,"column":75}},"81":{"start":{"line":271,"column":8},"end":{"line":273,"column":11}},"82":{"start":{"line":274,"column":8},"end":{"line":274,"column":74}},"83":{"start":{"line":275,"column":32},"end":{"line":275,"column":85}},"84":{"start":{"line":276,"column":8},"end":{"line":276,"column":76}},"85":{"start":{"line":279,"column":8},"end":{"line":279,"column":88}},"86":{"start":{"line":280,"column":8},"end":{"line":283,"column":27}},"87":{"start":{"line":286,"column":31},"end":{"line":308,"column":1}},"88":{"start":{"line":288,"column":8},"end":{"line":289,"column":86}},"89":{"start":{"line":294,"column":34},"end":{"line":294,"column":87}},"90":{"start":{"line":295,"column":8},"end":{"line":299,"column":9}},"91":{"start":{"line":296,"column":12},"end":{"line":298,"column":13}},"92":{"start":{"line":297,"column":16},"end":{"line":297,"column":53}},"93":{"start":{"line":301,"column":8},"end":{"line":301,"column":58}},"94":{"start":{"line":302,"column":8},"end":{"line":302,"column":58}},"95":{"start":{"line":303,"column":8},"end":{"line":306,"column":27}},"96":{"start":{"line":310,"column":36},"end":{"line":337,"column":1}},"97":{"start":{"line":312,"column":8},"end":{"line":313,"column":91}},"98":{"start":{"line":317,"column":34},"end":{"line":317,"column":87}},"99":{"start":{"line":318,"column":30},"end":{"line":318,"column":47}},"100":{"start":{"line":321,"column":8},"end":{"line":331,"column":9}},"101":{"start":{"line":322,"column":12},"end":{"line":324,"column":15}},"102":{"start":{"line":325,"column":12},"end":{"line":325,"column":67}},"103":{"start":{"line":327,"column":12},"end":{"line":329,"column":15}},"104":{"start":{"line":330,"column":12},"end":{"line":330,"column":64}},"105":{"start":{"line":332,"column":8},"end":{"line":335,"column":27}},"106":{"start":{"line":348,"column":24},"end":{"line":388,"column":1}},"107":{"start":{"line":350,"column":8},"end":{"line":351,"column":86}},"108":{"start":{"line":355,"column":34},"end":{"line":355,"column":87}},"109":{"start":{"line":357,"column":8},"end":{"line":362,"column":9}},"110":{"start":{"line":360,"column":12},"end":{"line":360,"column":62}},"111":{"start":{"line":361,"column":12},"end":{"line":361,"column":62}},"112":{"start":{"line":364,"column":8},"end":{"line":364,"column":42}},"113":{"start":{"line":365,"column":8},"end":{"line":365,"column":82}},"114":{"start":{"line":366,"column":8},"end":{"line":382,"column":9}},"115":{"start":{"line":368,"column":12},"end":{"line":370,"column":15}},"116":{"start":{"line":371,"column":34},"end":{"line":371,"column":51}},"117":{"start":{"line":372,"column":12},"end":{"line":375,"column":15}},"118":{"start":{"line":376,"column":12},"end":{"line":376,"column":49}},"119":{"start":{"line":377,"column":12},"end":{"line":379,"column":15}},"120":{"start":{"line":380,"column":12},"end":{"line":380,"column":62}},"121":{"start":{"line":383,"column":8},"end":{"line":386,"column":27}},"122":{"start":{"line":389,"column":35},"end":{"line":420,"column":1}},"123":{"start":{"line":391,"column":8},"end":{"line":392,"column":90}},"124":{"start":{"line":405,"column":34},"end":{"line":405,"column":87}},"125":{"start":{"line":406,"column":30},"end":{"line":406,"column":47}},"126":{"start":{"line":407,"column":24},"end":{"line":407,"column":59}},"127":{"start":{"line":410,"column":8},"end":{"line":412,"column":11}},"128":{"start":{"line":413,"column":8},"end":{"line":413,"column":77}},"129":{"start":{"line":415,"column":8},"end":{"line":418,"column":27}},"130":{"start":{"line":425,"column":27},"end":{"line":456,"column":1}},"131":{"start":{"line":427,"column":24},"end":{"line":427,"column":60}},"132":{"start":{"line":428,"column":8},"end":{"line":428,"column":89}},"133":{"start":{"line":431,"column":8},"end":{"line":431,"column":45}},"134":{"start":{"line":436,"column":34},"end":{"line":436,"column":87}},"135":{"start":{"line":437,"column":8},"end":{"line":439,"column":11}},"136":{"start":{"line":440,"column":30},"end":{"line":440,"column":47}},"137":{"start":{"line":441,"column":24},"end":{"line":441,"column":59}},"138":{"start":{"line":442,"column":8},"end":{"line":445,"column":11}},"139":{"start":{"line":446,"column":26},"end":{"line":448,"column":10}},"140":{"start":{"line":449,"column":23},"end":{"line":449,"column":61}},"141":{"start":{"line":451,"column":8},"end":{"line":454,"column":27}},"142":{"start":{"line":457,"column":34},"end":{"line":492,"column":1}},"143":{"start":{"line":459,"column":24},"end":{"line":459,"column":60}},"144":{"start":{"line":460,"column":8},"end":{"line":460,"column":96}},"145":{"start":{"line":470,"column":8},"end":{"line":470,"column":52}},"146":{"start":{"line":472,"column":25},"end":{"line":472,"column":76}},"147":{"start":{"line":473,"column":31},"end":{"line":473,"column":94}},"148":{"start":{"line":474,"column":21},"end":{"line":474,"column":72}},"149":{"start":{"line":475,"column":8},"end":{"line":486,"column":9}},"150":{"start":{"line":476,"column":12},"end":{"line":476,"column":63}},"151":{"start":{"line":477,"column":12},"end":{"line":477,"column":69}},"152":{"start":{"line":478,"column":15},"end":{"line":486,"column":9}},"153":{"start":{"line":479,"column":12},"end":{"line":481,"column":15}},"154":{"start":{"line":482,"column":12},"end":{"line":482,"column":70}},"155":{"start":{"line":484,"column":12},"end":{"line":484,"column":63}},"156":{"start":{"line":485,"column":12},"end":{"line":485,"column":69}},"157":{"start":{"line":487,"column":8},"end":{"line":490,"column":27}},"158":{"start":{"line":493,"column":47},"end":{"line":520,"column":1}},"159":{"start":{"line":495,"column":24},"end":{"line":495,"column":60}},"160":{"start":{"line":496,"column":8},"end":{"line":496,"column":109}},"161":{"start":{"line":505,"column":8},"end":{"line":505,"column":65}},"162":{"start":{"line":508,"column":23},"end":{"line":508,"column":106}},"163":{"start":{"line":509,"column":8},"end":{"line":511,"column":11}},"164":{"start":{"line":512,"column":8},"end":{"line":512,"column":70}},"165":{"start":{"line":513,"column":34},"end":{"line":513,"column":87}},"166":{"start":{"line":514,"column":8},"end":{"line":514,"column":85}},"167":{"start":{"line":515,"column":8},"end":{"line":518,"column":27}},"168":{"start":{"line":521,"column":26},"end":{"line":546,"column":1}},"169":{"start":{"line":523,"column":24},"end":{"line":523,"column":60}},"170":{"start":{"line":524,"column":8},"end":{"line":524,"column":95}},"171":{"start":{"line":533,"column":8},"end":{"line":533,"column":44}},"172":{"start":{"line":536,"column":8},"end":{"line":536,"column":52}},"173":{"start":{"line":537,"column":8},"end":{"line":537,"column":54}},"174":{"start":{"line":538,"column":8},"end":{"line":544,"column":27}},"175":{"start":{"line":547,"column":40},"end":{"line":641,"column":1}},"176":{"start":{"line":549,"column":24},"end":{"line":549,"column":60}},"177":{"start":{"line":550,"column":8},"end":{"line":550,"column":102}},"178":{"start":{"line":561,"column":8},"end":{"line":561,"column":58}},"179":{"start":{"line":564,"column":32},"end":{"line":564,"column":86}},"180":{"start":{"line":565,"column":31},"end":{"line":565,"column":101}},"181":{"start":{"line":566,"column":28},"end":{"line":566,"column":79}},"182":{"start":{"line":568,"column":8},"end":{"line":568,"column":53}},"183":{"start":{"line":569,"column":8},"end":{"line":569,"column":70}},"184":{"start":{"line":571,"column":8},"end":{"line":581,"column":9}},"185":{"start":{"line":572,"column":27},"end":{"line":572,"column":110}},"186":{"start":{"line":573,"column":12},"end":{"line":575,"column":15}},"187":{"start":{"line":576,"column":12},"end":{"line":576,"column":94}},"188":{"start":{"line":577,"column":12},"end":{"line":580,"column":30}},"189":{"start":{"line":583,"column":8},"end":{"line":595,"column":9}},"190":{"start":{"line":584,"column":27},"end":{"line":584,"column":110}},"191":{"start":{"line":585,"column":12},"end":{"line":588,"column":15}},"192":{"start":{"line":589,"column":12},"end":{"line":589,"column":94}},"193":{"start":{"line":590,"column":12},"end":{"line":593,"column":30}},"194":{"start":{"line":597,"column":34},"end":{"line":597,"column":87}},"195":{"start":{"line":599,"column":8},"end":{"line":621,"column":9}},"196":{"start":{"line":600,"column":12},"end":{"line":620,"column":31}},"197":{"start":{"line":622,"column":24},"end":{"line":622,"column":63}},"198":{"start":{"line":623,"column":8},"end":{"line":630,"column":11}},"199":{"start":{"line":631,"column":8},"end":{"line":633,"column":11}},"200":{"start":{"line":634,"column":8},"end":{"line":634,"column":67}},"201":{"start":{"line":635,"column":8},"end":{"line":635,"column":52}},"202":{"start":{"line":636,"column":8},"end":{"line":639,"column":27}},"203":{"start":{"line":642,"column":33},"end":{"line":744,"column":1}},"204":{"start":{"line":644,"column":24},"end":{"line":644,"column":60}},"205":{"start":{"line":645,"column":8},"end":{"line":645,"column":95}},"206":{"start":{"line":648,"column":8},"end":{"line":648,"column":51}},"207":{"start":{"line":649,"column":30},"end":{"line":649,"column":86}},"208":{"start":{"line":650,"column":8},"end":{"line":650,"column":85}},"209":{"start":{"line":651,"column":8},"end":{"line":651,"column":73}},"210":{"start":{"line":653,"column":8},"end":{"line":675,"column":9}},"211":{"start":{"line":654,"column":12},"end":{"line":674,"column":31}},"212":{"start":{"line":677,"column":26},"end":{"line":677,"column":78}},"213":{"start":{"line":678,"column":8},"end":{"line":678,"column":65}},"214":{"start":{"line":679,"column":8},"end":{"line":701,"column":9}},"215":{"start":{"line":680,"column":12},"end":{"line":700,"column":31}},"216":{"start":{"line":703,"column":27},"end":{"line":703,"column":80}},"217":{"start":{"line":704,"column":8},"end":{"line":704,"column":67}},"218":{"start":{"line":705,"column":8},"end":{"line":727,"column":9}},"219":{"start":{"line":706,"column":12},"end":{"line":726,"column":31}},"220":{"start":{"line":728,"column":8},"end":{"line":742,"column":27}},"221":{"start":{"line":745,"column":30},"end":{"line":787,"column":1}},"222":{"start":{"line":747,"column":24},"end":{"line":747,"column":60}},"223":{"start":{"line":748,"column":8},"end":{"line":748,"column":92}},"224":{"start":{"line":751,"column":75},"end":{"line":751,"column":87}},"225":{"start":{"line":752,"column":29},"end":{"line":752,"column":140}},"226":{"start":{"line":754,"column":8},"end":{"line":759,"column":9}},"227":{"start":{"line":755,"column":10},"end":{"line":758,"column":27}},"228":{"start":{"line":760,"column":8},"end":{"line":785,"column":9}},"229":{"start":{"line":761,"column":31},"end":{"line":761,"column":68}},"230":{"start":{"line":762,"column":45},"end":{"line":762,"column":97}},"231":{"start":{"line":763,"column":26},"end":{"line":763,"column":83}},"232":{"start":{"line":766,"column":10},"end":{"line":777,"column":11}},"233":{"start":{"line":767,"column":12},"end":{"line":767,"column":93}},"234":{"start":{"line":769,"column":25},"end":{"line":769,"column":37}},"235":{"start":{"line":770,"column":25},"end":{"line":772,"column":14}},"236":{"start":{"line":773,"column":27},"end":{"line":773,"column":61}},"237":{"start":{"line":774,"column":12},"end":{"line":776,"column":27}},"238":{"start":{"line":778,"column":10},"end":{"line":778,"column":26}},"239":{"start":{"line":780,"column":10},"end":{"line":783,"column":11}},"240":{"start":{"line":781,"column":29},"end":{"line":781,"column":89}},"241":{"start":{"line":782,"column":12},"end":{"line":782,"column":28}},"242":{"start":{"line":784,"column":10},"end":{"line":784,"column":22}},"243":{"start":{"line":790,"column":27},"end":{"line":814,"column":1}},"244":{"start":{"line":792,"column":24},"end":{"line":792,"column":60}},"245":{"start":{"line":793,"column":8},"end":{"line":793,"column":151}},"246":{"start":{"line":805,"column":27},"end":{"line":805,"column":75}},"247":{"start":{"line":806,"column":8},"end":{"line":806,"column":82}},"248":{"start":{"line":807,"column":29},"end":{"line":807,"column":63}},"249":{"start":{"line":809,"column":8},"end":{"line":812,"column":27}},"250":{"start":{"line":815,"column":26},"end":{"line":826,"column":1}},"251":{"start":{"line":817,"column":24},"end":{"line":817,"column":60}},"252":{"start":{"line":818,"column":8},"end":{"line":818,"column":95}},"253":{"start":{"line":821,"column":27},"end":{"line":821,"column":49}},"254":{"start":{"line":822,"column":8},"end":{"line":824,"column":27}},"255":{"start":{"line":831,"column":27},"end":{"line":844,"column":1}},"256":{"start":{"line":833,"column":24},"end":{"line":833,"column":60}},"257":{"start":{"line":834,"column":8},"end":{"line":834,"column":96}},"258":{"start":{"line":837,"column":34},"end":{"line":837,"column":87}},"259":{"start":{"line":838,"column":8},"end":{"line":838,"column":48}},"260":{"start":{"line":839,"column":27},"end":{"line":839,"column":50}},"261":{"start":{"line":840,"column":8},"end":{"line":842,"column":27}},"262":{"start":{"line":864,"column":28},"end":{"line":877,"column":1}},"263":{"start":{"line":866,"column":24},"end":{"line":866,"column":60}},"264":{"start":{"line":867,"column":8},"end":{"line":867,"column":97}},"265":{"start":{"line":870,"column":27},"end":{"line":870,"column":62}},"266":{"start":{"line":871,"column":23},"end":{"line":871,"column":57}},"267":{"start":{"line":872,"column":8},"end":{"line":875,"column":27}},"268":{"start":{"line":883,"column":18},"end":{"line":919,"column":1}},"269":{"start":{"line":885,"column":8},"end":{"line":885,"column":68}},"270":{"start":{"line":897,"column":8},"end":{"line":897,"column":36}},"271":{"start":{"line":898,"column":29},"end":{"line":898,"column":71}},"272":{"start":{"line":899,"column":8},"end":{"line":899,"column":52}},"273":{"start":{"line":900,"column":34},"end":{"line":900,"column":87}},"274":{"start":{"line":901,"column":8},"end":{"line":901,"column":62}},"275":{"start":{"line":903,"column":8},"end":{"line":917,"column":13}},"276":{"start":{"line":921,"column":23},"end":{"line":941,"column":1}},"277":{"start":{"line":923,"column":8},"end":{"line":923,"column":73}},"278":{"start":{"line":932,"column":8},"end":{"line":932,"column":53}},"279":{"start":{"line":933,"column":29},"end":{"line":933,"column":71}},"280":{"start":{"line":934,"column":22},"end":{"line":934,"column":67}},"281":{"start":{"line":935,"column":8},"end":{"line":939,"column":11}},"282":{"start":{"line":943,"column":21},"end":{"line":979,"column":1}},"283":{"start":{"line":945,"column":8},"end":{"line":945,"column":71}},"284":{"start":{"line":954,"column":8},"end":{"line":954,"column":50}},"285":{"start":{"line":955,"column":29},"end":{"line":955,"column":71}},"286":{"start":{"line":956,"column":22},"end":{"line":956,"column":60}},"287":{"start":{"line":957,"column":8},"end":{"line":957,"column":50}},"288":{"start":{"line":958,"column":8},"end":{"line":958,"column":43}},"289":{"start":{"line":959,"column":26},"end":{"line":959,"column":45}},"290":{"start":{"line":960,"column":29},"end":{"line":960,"column":47}},"291":{"start":{"line":961,"column":8},"end":{"line":963,"column":9}},"292":{"start":{"line":962,"column":13},"end":{"line":962,"column":100}},"293":{"start":{"line":964,"column":8},"end":{"line":970,"column":9}},"294":{"start":{"line":965,"column":12},"end":{"line":965,"column":79}},"295":{"start":{"line":966,"column":15},"end":{"line":970,"column":9}},"296":{"start":{"line":967,"column":12},"end":{"line":967,"column":92}},"297":{"start":{"line":968,"column":15},"end":{"line":970,"column":9}},"298":{"start":{"line":969,"column":12},"end":{"line":969,"column":99}},"299":{"start":{"line":971,"column":8},"end":{"line":971,"column":49}},"300":{"start":{"line":973,"column":8},"end":{"line":977,"column":10}},"301":{"start":{"line":983,"column":35},"end":{"line":992,"column":1}},"302":{"start":{"line":985,"column":8},"end":{"line":985,"column":83}},"303":{"start":{"line":988,"column":24},"end":{"line":988,"column":60}},"304":{"start":{"line":989,"column":8},"end":{"line":989,"column":116}},"305":{"start":{"line":990,"column":8},"end":{"line":990,"column":58}},"306":{"start":{"line":999,"column":21},"end":{"line":1016,"column":1}},"307":{"start":{"line":1001,"column":8},"end":{"line":1001,"column":20}},"308":{"start":{"line":1004,"column":8},"end":{"line":1004,"column":57}},"309":{"start":{"line":1005,"column":8},"end":{"line":1005,"column":66}},"310":{"start":{"line":1006,"column":8},"end":{"line":1006,"column":54}},"311":{"start":{"line":1009,"column":8},"end":{"line":1009,"column":58}},"312":{"start":{"line":1010,"column":8},"end":{"line":1010,"column":57}},"313":{"start":{"line":1011,"column":8},"end":{"line":1014,"column":27}},"314":{"start":{"line":1021,"column":30},"end":{"line":1025,"column":1}},"315":{"start":{"line":1023,"column":8},"end":{"line":1023,"column":90}},"316":{"start":{"line":1027,"column":31},"end":{"line":1031,"column":1}},"317":{"start":{"line":1029,"column":8},"end":{"line":1029,"column":62}},"318":{"start":{"line":1032,"column":32},"end":{"line":1051,"column":1}},"319":{"start":{"line":1034,"column":8},"end":{"line":1040,"column":15}},"320":{"start":{"line":1042,"column":8},"end":{"line":1049,"column":10}},"321":{"start":{"line":1043,"column":26},"end":{"line":1043,"column":93}},"322":{"start":{"line":1044,"column":12},"end":{"line":1048,"column":13}},"323":{"start":{"line":1045,"column":16},"end":{"line":1045,"column":71}},"324":{"start":{"line":1047,"column":16},"end":{"line":1047,"column":29}},"325":{"start":{"line":1055,"column":38},"end":{"line":1074,"column":3}},"326":{"start":{"line":1057,"column":8},"end":{"line":1072,"column":9}},"327":{"start":{"line":1058,"column":12},"end":{"line":1071,"column":15}},"328":{"start":{"line":1059,"column":16},"end":{"line":1070,"column":21}},"329":{"start":{"line":1061,"column":24},"end":{"line":1061,"column":74}},"330":{"start":{"line":1062,"column":24},"end":{"line":1063,"column":66}},"331":{"start":{"line":1063,"column":26},"end":{"line":1063,"column":66}},"332":{"start":{"line":1064,"column":24},"end":{"line":1064,"column":65}},"333":{"start":{"line":1065,"column":24},"end":{"line":1065,"column":98}},"334":{"start":{"line":1066,"column":24},"end":{"line":1066,"column":34}},"335":{"start":{"line":1069,"column":22},"end":{"line":1069,"column":34}},"336":{"start":{"line":1078,"column":41},"end":{"line":1102,"column":3}},"337":{"start":{"line":1080,"column":8},"end":{"line":1080,"column":57}},"338":{"start":{"line":1081,"column":8},"end":{"line":1081,"column":75}},"339":{"start":{"line":1082,"column":21},"end":{"line":1082,"column":116}},"340":{"start":{"line":1083,"column":8},"end":{"line":1100,"column":9}},"341":{"start":{"line":1084,"column":36},"end":{"line":1084,"column":89}},"342":{"start":{"line":1085,"column":12},"end":{"line":1085,"column":119}},"343":{"start":{"line":1086,"column":36},"end":{"line":1086,"column":87}},"344":{"start":{"line":1087,"column":12},"end":{"line":1087,"column":82}},"345":{"start":{"line":1088,"column":12},"end":{"line":1088,"column":73}},"346":{"start":{"line":1089,"column":12},"end":{"line":1089,"column":97}},"347":{"start":{"line":1090,"column":12},"end":{"line":1090,"column":86}},"348":{"start":{"line":1091,"column":12},"end":{"line":1099,"column":15}},"349":{"start":{"line":1092,"column":16},"end":{"line":1098,"column":23}},"350":{"start":{"line":1094,"column":24},"end":{"line":1094,"column":34}},"351":{"start":{"line":1097,"column":24},"end":{"line":1097,"column":36}},"352":{"start":{"line":1108,"column":0},"end":{"line":1141,"column":14}}},"fnMap":{"0":{"name":"(anonymous_0)","decl":{"start":{"line":56,"column":4},"end":{"line":56,"column":5}},"loc":{"start":{"line":56,"column":28},"end":{"line":58,"column":5}},"line":56},"1":{"name":"(anonymous_1)","decl":{"start":{"line":67,"column":4},"end":{"line":67,"column":5}},"loc":{"start":{"line":67,"column":31},"end":{"line":130,"column":5}},"line":67},"2":{"name":"(anonymous_2)","decl":{"start":{"line":143,"column":4},"end":{"line":143,"column":5}},"loc":{"start":{"line":143,"column":28},"end":{"line":146,"column":5}},"line":143},"3":{"name":"(anonymous_3)","decl":{"start":{"line":147,"column":4},"end":{"line":147,"column":5}},"loc":{"start":{"line":147,"column":31},"end":{"line":255,"column":5}},"line":147},"4":{"name":"(anonymous_4)","decl":{"start":{"line":258,"column":4},"end":{"line":258,"column":5}},"loc":{"start":{"line":258,"column":28},"end":{"line":261,"column":5}},"line":258},"5":{"name":"(anonymous_5)","decl":{"start":{"line":262,"column":4},"end":{"line":262,"column":5}},"loc":{"start":{"line":262,"column":24},"end":{"line":284,"column":5}},"line":262},"6":{"name":"(anonymous_6)","decl":{"start":{"line":287,"column":4},"end":{"line":287,"column":5}},"loc":{"start":{"line":287,"column":28},"end":{"line":290,"column":5}},"line":287},"7":{"name":"(anonymous_7)","decl":{"start":{"line":291,"column":4},"end":{"line":291,"column":5}},"loc":{"start":{"line":291,"column":24},"end":{"line":307,"column":5}},"line":291},"8":{"name":"(anonymous_8)","decl":{"start":{"line":311,"column":4},"end":{"line":311,"column":5}},"loc":{"start":{"line":311,"column":28},"end":{"line":314,"column":5}},"line":311},"9":{"name":"(anonymous_9)","decl":{"start":{"line":315,"column":4},"end":{"line":315,"column":5}},"loc":{"start":{"line":315,"column":24},"end":{"line":336,"column":5}},"line":315},"10":{"name":"(anonymous_10)","decl":{"start":{"line":349,"column":4},"end":{"line":349,"column":5}},"loc":{"start":{"line":349,"column":28},"end":{"line":352,"column":5}},"line":349},"11":{"name":"(anonymous_11)","decl":{"start":{"line":353,"column":4},"end":{"line":353,"column":5}},"loc":{"start":{"line":353,"column":25},"end":{"line":387,"column":5}},"line":353},"12":{"name":"(anonymous_12)","decl":{"start":{"line":390,"column":4},"end":{"line":390,"column":5}},"loc":{"start":{"line":390,"column":28},"end":{"line":393,"column":5}},"line":390},"13":{"name":"(anonymous_13)","decl":{"start":{"line":403,"column":4},"end":{"line":403,"column":5}},"loc":{"start":{"line":403,"column":25},"end":{"line":419,"column":5}},"line":403},"14":{"name":"(anonymous_14)","decl":{"start":{"line":426,"column":4},"end":{"line":426,"column":5}},"loc":{"start":{"line":426,"column":28},"end":{"line":429,"column":5}},"line":426},"15":{"name":"(anonymous_15)","decl":{"start":{"line":430,"column":4},"end":{"line":430,"column":5}},"loc":{"start":{"line":430,"column":25},"end":{"line":455,"column":5}},"line":430},"16":{"name":"(anonymous_16)","decl":{"start":{"line":458,"column":4},"end":{"line":458,"column":5}},"loc":{"start":{"line":458,"column":28},"end":{"line":461,"column":5}},"line":458},"17":{"name":"(anonymous_17)","decl":{"start":{"line":469,"column":4},"end":{"line":469,"column":5}},"loc":{"start":{"line":469,"column":25},"end":{"line":491,"column":5}},"line":469},"18":{"name":"(anonymous_18)","decl":{"start":{"line":494,"column":4},"end":{"line":494,"column":5}},"loc":{"start":{"line":494,"column":28},"end":{"line":497,"column":5}},"line":494},"19":{"name":"(anonymous_19)","decl":{"start":{"line":504,"column":4},"end":{"line":504,"column":5}},"loc":{"start":{"line":504,"column":25},"end":{"line":519,"column":5}},"line":504},"20":{"name":"(anonymous_20)","decl":{"start":{"line":522,"column":4},"end":{"line":522,"column":5}},"loc":{"start":{"line":522,"column":28},"end":{"line":525,"column":5}},"line":522},"21":{"name":"(anonymous_21)","decl":{"start":{"line":532,"column":4},"end":{"line":532,"column":5}},"loc":{"start":{"line":532,"column":25},"end":{"line":545,"column":5}},"line":532},"22":{"name":"(anonymous_22)","decl":{"start":{"line":548,"column":4},"end":{"line":548,"column":5}},"loc":{"start":{"line":548,"column":28},"end":{"line":551,"column":5}},"line":548},"23":{"name":"(anonymous_23)","decl":{"start":{"line":560,"column":4},"end":{"line":560,"column":5}},"loc":{"start":{"line":560,"column":25},"end":{"line":640,"column":5}},"line":560},"24":{"name":"(anonymous_24)","decl":{"start":{"line":643,"column":4},"end":{"line":643,"column":5}},"loc":{"start":{"line":643,"column":28},"end":{"line":646,"column":5}},"line":643},"25":{"name":"(anonymous_25)","decl":{"start":{"line":647,"column":4},"end":{"line":647,"column":5}},"loc":{"start":{"line":647,"column":25},"end":{"line":743,"column":5}},"line":647},"26":{"name":"(anonymous_26)","decl":{"start":{"line":746,"column":4},"end":{"line":746,"column":5}},"loc":{"start":{"line":746,"column":28},"end":{"line":749,"column":5}},"line":746},"27":{"name":"(anonymous_27)","decl":{"start":{"line":750,"column":4},"end":{"line":750,"column":5}},"loc":{"start":{"line":750,"column":31},"end":{"line":786,"column":7}},"line":750},"28":{"name":"(anonymous_28)","decl":{"start":{"line":791,"column":4},"end":{"line":791,"column":5}},"loc":{"start":{"line":791,"column":28},"end":{"line":794,"column":5}},"line":791},"29":{"name":"(anonymous_29)","decl":{"start":{"line":804,"column":4},"end":{"line":804,"column":5}},"loc":{"start":{"line":804,"column":25},"end":{"line":813,"column":5}},"line":804},"30":{"name":"(anonymous_30)","decl":{"start":{"line":816,"column":4},"end":{"line":816,"column":5}},"loc":{"start":{"line":816,"column":28},"end":{"line":819,"column":5}},"line":816},"31":{"name":"(anonymous_31)","decl":{"start":{"line":820,"column":4},"end":{"line":820,"column":5}},"loc":{"start":{"line":820,"column":24},"end":{"line":825,"column":5}},"line":820},"32":{"name":"(anonymous_32)","decl":{"start":{"line":832,"column":4},"end":{"line":832,"column":5}},"loc":{"start":{"line":832,"column":28},"end":{"line":835,"column":5}},"line":832},"33":{"name":"(anonymous_33)","decl":{"start":{"line":836,"column":4},"end":{"line":836,"column":5}},"loc":{"start":{"line":836,"column":24},"end":{"line":843,"column":5}},"line":836},"34":{"name":"(anonymous_34)","decl":{"start":{"line":865,"column":4},"end":{"line":865,"column":5}},"loc":{"start":{"line":865,"column":28},"end":{"line":868,"column":5}},"line":865},"35":{"name":"(anonymous_35)","decl":{"start":{"line":869,"column":4},"end":{"line":869,"column":5}},"loc":{"start":{"line":869,"column":24},"end":{"line":876,"column":5}},"line":869},"36":{"name":"(anonymous_36)","decl":{"start":{"line":884,"column":4},"end":{"line":884,"column":5}},"loc":{"start":{"line":884,"column":28},"end":{"line":886,"column":5}},"line":884},"37":{"name":"(anonymous_37)","decl":{"start":{"line":896,"column":4},"end":{"line":896,"column":5}},"loc":{"start":{"line":896,"column":25},"end":{"line":918,"column":9}},"line":896},"38":{"name":"(anonymous_38)","decl":{"start":{"line":922,"column":4},"end":{"line":922,"column":5}},"loc":{"start":{"line":922,"column":28},"end":{"line":924,"column":5}},"line":922},"39":{"name":"(anonymous_39)","decl":{"start":{"line":931,"column":4},"end":{"line":931,"column":5}},"loc":{"start":{"line":931,"column":25},"end":{"line":940,"column":5}},"line":931},"40":{"name":"(anonymous_40)","decl":{"start":{"line":944,"column":4},"end":{"line":944,"column":5}},"loc":{"start":{"line":944,"column":28},"end":{"line":946,"column":5}},"line":944},"41":{"name":"(anonymous_41)","decl":{"start":{"line":953,"column":4},"end":{"line":953,"column":5}},"loc":{"start":{"line":953,"column":25},"end":{"line":978,"column":5}},"line":953},"42":{"name":"(anonymous_42)","decl":{"start":{"line":984,"column":4},"end":{"line":984,"column":5}},"loc":{"start":{"line":984,"column":28},"end":{"line":986,"column":5}},"line":984},"43":{"name":"(anonymous_43)","decl":{"start":{"line":987,"column":4},"end":{"line":987,"column":5}},"loc":{"start":{"line":987,"column":25},"end":{"line":991,"column":5}},"line":987},"44":{"name":"(anonymous_44)","decl":{"start":{"line":1000,"column":4},"end":{"line":1000,"column":5}},"loc":{"start":{"line":1000,"column":16},"end":{"line":1002,"column":5}},"line":1000},"45":{"name":"(anonymous_45)","decl":{"start":{"line":1003,"column":4},"end":{"line":1003,"column":5}},"loc":{"start":{"line":1003,"column":32},"end":{"line":1015,"column":5}},"line":1003},"46":{"name":"(anonymous_46)","decl":{"start":{"line":1022,"column":4},"end":{"line":1022,"column":5}},"loc":{"start":{"line":1022,"column":26},"end":{"line":1024,"column":5}},"line":1022},"47":{"name":"(anonymous_47)","decl":{"start":{"line":1028,"column":4},"end":{"line":1028,"column":5}},"loc":{"start":{"line":1028,"column":36},"end":{"line":1030,"column":5}},"line":1028},"48":{"name":"(anonymous_48)","decl":{"start":{"line":1033,"column":4},"end":{"line":1033,"column":5}},"loc":{"start":{"line":1033,"column":26},"end":{"line":1050,"column":5}},"line":1033},"49":{"name":"(anonymous_49)","decl":{"start":{"line":1042,"column":25},"end":{"line":1042,"column":26}},"loc":{"start":{"line":1042,"column":40},"end":{"line":1049,"column":9}},"line":1042},"50":{"name":"(anonymous_50)","decl":{"start":{"line":1056,"column":4},"end":{"line":1056,"column":5}},"loc":{"start":{"line":1056,"column":26},"end":{"line":1073,"column":5}},"line":1056},"51":{"name":"(anonymous_51)","decl":{"start":{"line":1058,"column":31},"end":{"line":1058,"column":32}},"loc":{"start":{"line":1058,"column":52},"end":{"line":1071,"column":13}},"line":1058},"52":{"name":"(anonymous_52)","decl":{"start":{"line":1060,"column":26},"end":{"line":1060,"column":27}},"loc":{"start":{"line":1060,"column":52},"end":{"line":1067,"column":21}},"line":1060},"53":{"name":"(anonymous_53)","decl":{"start":{"line":1068,"column":27},"end":{"line":1068,"column":28}},"loc":{"start":{"line":1068,"column":36},"end":{"line":1070,"column":19}},"line":1068},"54":{"name":"(anonymous_54)","decl":{"start":{"line":1079,"column":4},"end":{"line":1079,"column":5}},"loc":{"start":{"line":1079,"column":42},"end":{"line":1101,"column":5}},"line":1079},"55":{"name":"(anonymous_55)","decl":{"start":{"line":1091,"column":31},"end":{"line":1091,"column":32}},"loc":{"start":{"line":1091,"column":52},"end":{"line":1099,"column":13}},"line":1091},"56":{"name":"(anonymous_56)","decl":{"start":{"line":1093,"column":26},"end":{"line":1093,"column":27}},"loc":{"start":{"line":1093,"column":32},"end":{"line":1095,"column":21}},"line":1093},"57":{"name":"(anonymous_57)","decl":{"start":{"line":1096,"column":27},"end":{"line":1096,"column":28}},"loc":{"start":{"line":1096,"column":36},"end":{"line":1098,"column":21}},"line":1096}},"branchMap":{"0":{"loc":{"start":{"line":76,"column":8},"end":{"line":115,"column":9}},"type":"if","locations":[{"start":{"line":76,"column":8},"end":{"line":115,"column":9}},{"start":{"line":76,"column":8},"end":{"line":115,"column":9}}],"line":76},"1":{"loc":{"start":{"line":78,"column":12},"end":{"line":85,"column":13}},"type":"if","locations":[{"start":{"line":78,"column":12},"end":{"line":85,"column":13}},{"start":{"line":78,"column":12},"end":{"line":85,"column":13}}],"line":78},"2":{"loc":{"start":{"line":97,"column":12},"end":{"line":112,"column":13}},"type":"if","locations":[{"start":{"line":97,"column":12},"end":{"line":112,"column":13}},{"start":{"line":97,"column":12},"end":{"line":112,"column":13}}],"line":97},"3":{"loc":{"start":{"line":116,"column":8},"end":{"line":122,"column":9}},"type":"if","locations":[{"start":{"line":116,"column":8},"end":{"line":122,"column":9}},{"start":{"line":116,"column":8},"end":{"line":122,"column":9}}],"line":116},"4":{"loc":{"start":{"line":144,"column":15},"end":{"line":145,"column":87}},"type":"binary-expr","locations":[{"start":{"line":144,"column":15},"end":{"line":144,"column":85}},{"start":{"line":145,"column":15},"end":{"line":145,"column":87}}],"line":144},"5":{"loc":{"start":{"line":154,"column":8},"end":{"line":250,"column":9}},"type":"if","locations":[{"start":{"line":154,"column":8},"end":{"line":250,"column":9}},{"start":{"line":154,"column":8},"end":{"line":250,"column":9}}],"line":154},"6":{"loc":{"start":{"line":159,"column":12},"end":{"line":183,"column":13}},"type":"if","locations":[{"start":{"line":159,"column":12},"end":{"line":183,"column":13}},{"start":{"line":159,"column":12},"end":{"line":183,"column":13}}],"line":159},"7":{"loc":{"start":{"line":167,"column":19},"end":{"line":183,"column":13}},"type":"if","locations":[{"start":{"line":167,"column":19},"end":{"line":183,"column":13}},{"start":{"line":167,"column":19},"end":{"line":183,"column":13}}],"line":167},"8":{"loc":{"start":{"line":189,"column":15},"end":{"line":250,"column":9}},"type":"if","locations":[{"start":{"line":189,"column":15},"end":{"line":250,"column":9}},{"start":{"line":189,"column":15},"end":{"line":250,"column":9}}],"line":189},"9":{"loc":{"start":{"line":205,"column":15},"end":{"line":250,"column":9}},"type":"if","locations":[{"start":{"line":205,"column":15},"end":{"line":250,"column":9}},{"start":{"line":205,"column":15},"end":{"line":250,"column":9}}],"line":205},"10":{"loc":{"start":{"line":209,"column":15},"end":{"line":250,"column":9}},"type":"if","locations":[{"start":{"line":209,"column":15},"end":{"line":250,"column":9}},{"start":{"line":209,"column":15},"end":{"line":250,"column":9}}],"line":209},"11":{"loc":{"start":{"line":219,"column":15},"end":{"line":250,"column":9}},"type":"if","locations":[{"start":{"line":219,"column":15},"end":{"line":250,"column":9}},{"start":{"line":219,"column":15},"end":{"line":250,"column":9}}],"line":219},"12":{"loc":{"start":{"line":224,"column":12},"end":{"line":249,"column":13}},"type":"if","locations":[{"start":{"line":224,"column":12},"end":{"line":249,"column":13}},{"start":{"line":224,"column":12},"end":{"line":249,"column":13}}],"line":224},"13":{"loc":{"start":{"line":259,"column":15},"end":{"line":260,"column":107}},"type":"binary-expr","locations":[{"start":{"line":259,"column":15},"end":{"line":259,"column":85}},{"start":{"line":260,"column":15},"end":{"line":260,"column":107}}],"line":259},"14":{"loc":{"start":{"line":288,"column":15},"end":{"line":289,"column":86}},"type":"binary-expr","locations":[{"start":{"line":288,"column":15},"end":{"line":288,"column":85}},{"start":{"line":289,"column":15},"end":{"line":289,"column":86}}],"line":288},"15":{"loc":{"start":{"line":295,"column":8},"end":{"line":299,"column":9}},"type":"if","locations":[{"start":{"line":295,"column":8},"end":{"line":299,"column":9}},{"start":{"line":295,"column":8},"end":{"line":299,"column":9}}],"line":295},"16":{"loc":{"start":{"line":296,"column":12},"end":{"line":298,"column":13}},"type":"if","locations":[{"start":{"line":296,"column":12},"end":{"line":298,"column":13}},{"start":{"line":296,"column":12},"end":{"line":298,"column":13}}],"line":296},"17":{"loc":{"start":{"line":312,"column":15},"end":{"line":313,"column":91}},"type":"binary-expr","locations":[{"start":{"line":312,"column":15},"end":{"line":312,"column":85}},{"start":{"line":313,"column":15},"end":{"line":313,"column":91}}],"line":312},"18":{"loc":{"start":{"line":321,"column":8},"end":{"line":331,"column":9}},"type":"if","locations":[{"start":{"line":321,"column":8},"end":{"line":331,"column":9}},{"start":{"line":321,"column":8},"end":{"line":331,"column":9}}],"line":321},"19":{"loc":{"start":{"line":350,"column":15},"end":{"line":351,"column":86}},"type":"binary-expr","locations":[{"start":{"line":350,"column":15},"end":{"line":350,"column":85}},{"start":{"line":351,"column":15},"end":{"line":351,"column":86}}],"line":350},"20":{"loc":{"start":{"line":357,"column":8},"end":{"line":362,"column":9}},"type":"if","locations":[{"start":{"line":357,"column":8},"end":{"line":362,"column":9}},{"start":{"line":357,"column":8},"end":{"line":362,"column":9}}],"line":357},"21":{"loc":{"start":{"line":357,"column":12},"end":{"line":359,"column":75}},"type":"binary-expr","locations":[{"start":{"line":357,"column":12},"end":{"line":357,"column":73}},{"start":{"line":358,"column":16},"end":{"line":358,"column":81}},{"start":{"line":359,"column":16},"end":{"line":359,"column":75}}],"line":357},"22":{"loc":{"start":{"line":366,"column":8},"end":{"line":382,"column":9}},"type":"if","locations":[{"start":{"line":366,"column":8},"end":{"line":382,"column":9}},{"start":{"line":366,"column":8},"end":{"line":382,"column":9}}],"line":366},"23":{"loc":{"start":{"line":366,"column":12},"end":{"line":367,"column":84}},"type":"binary-expr","locations":[{"start":{"line":366,"column":12},"end":{"line":366,"column":70}},{"start":{"line":367,"column":16},"end":{"line":367,"column":84}}],"line":366},"24":{"loc":{"start":{"line":391,"column":15},"end":{"line":392,"column":90}},"type":"binary-expr","locations":[{"start":{"line":391,"column":15},"end":{"line":391,"column":85}},{"start":{"line":392,"column":15},"end":{"line":392,"column":90}}],"line":391},"25":{"loc":{"start":{"line":428,"column":15},"end":{"line":428,"column":88}},"type":"binary-expr","locations":[{"start":{"line":428,"column":15},"end":{"line":428,"column":47}},{"start":{"line":428,"column":51},"end":{"line":428,"column":88}}],"line":428},"26":{"loc":{"start":{"line":460,"column":15},"end":{"line":460,"column":95}},"type":"binary-expr","locations":[{"start":{"line":460,"column":15},"end":{"line":460,"column":47}},{"start":{"line":460,"column":51},"end":{"line":460,"column":95}}],"line":460},"27":{"loc":{"start":{"line":475,"column":8},"end":{"line":486,"column":9}},"type":"if","locations":[{"start":{"line":475,"column":8},"end":{"line":486,"column":9}},{"start":{"line":475,"column":8},"end":{"line":486,"column":9}}],"line":475},"28":{"loc":{"start":{"line":478,"column":15},"end":{"line":486,"column":9}},"type":"if","locations":[{"start":{"line":478,"column":15},"end":{"line":486,"column":9}},{"start":{"line":478,"column":15},"end":{"line":486,"column":9}}],"line":478},"29":{"loc":{"start":{"line":496,"column":15},"end":{"line":496,"column":108}},"type":"binary-expr","locations":[{"start":{"line":496,"column":15},"end":{"line":496,"column":47}},{"start":{"line":496,"column":51},"end":{"line":496,"column":108}}],"line":496},"30":{"loc":{"start":{"line":524,"column":15},"end":{"line":524,"column":94}},"type":"binary-expr","locations":[{"start":{"line":524,"column":15},"end":{"line":524,"column":47}},{"start":{"line":524,"column":51},"end":{"line":524,"column":94}}],"line":524},"31":{"loc":{"start":{"line":550,"column":15},"end":{"line":550,"column":101}},"type":"binary-expr","locations":[{"start":{"line":550,"column":15},"end":{"line":550,"column":47}},{"start":{"line":550,"column":51},"end":{"line":550,"column":101}}],"line":550},"32":{"loc":{"start":{"line":571,"column":8},"end":{"line":581,"column":9}},"type":"if","locations":[{"start":{"line":571,"column":8},"end":{"line":581,"column":9}},{"start":{"line":571,"column":8},"end":{"line":581,"column":9}}],"line":571},"33":{"loc":{"start":{"line":583,"column":8},"end":{"line":595,"column":9}},"type":"if","locations":[{"start":{"line":583,"column":8},"end":{"line":595,"column":9}},{"start":{"line":583,"column":8},"end":{"line":595,"column":9}}],"line":583},"34":{"loc":{"start":{"line":599,"column":8},"end":{"line":621,"column":9}},"type":"if","locations":[{"start":{"line":599,"column":8},"end":{"line":621,"column":9}},{"start":{"line":599,"column":8},"end":{"line":621,"column":9}}],"line":599},"35":{"loc":{"start":{"line":645,"column":15},"end":{"line":645,"column":94}},"type":"binary-expr","locations":[{"start":{"line":645,"column":15},"end":{"line":645,"column":47}},{"start":{"line":645,"column":51},"end":{"line":645,"column":94}}],"line":645},"36":{"loc":{"start":{"line":653,"column":8},"end":{"line":675,"column":9}},"type":"if","locations":[{"start":{"line":653,"column":8},"end":{"line":675,"column":9}},{"start":{"line":653,"column":8},"end":{"line":675,"column":9}}],"line":653},"37":{"loc":{"start":{"line":653,"column":13},"end":{"line":653,"column":50}},"type":"binary-expr","locations":[{"start":{"line":653,"column":13},"end":{"line":653,"column":26}},{"start":{"line":653,"column":31},"end":{"line":653,"column":50}}],"line":653},"38":{"loc":{"start":{"line":679,"column":8},"end":{"line":701,"column":9}},"type":"if","locations":[{"start":{"line":679,"column":8},"end":{"line":701,"column":9}},{"start":{"line":679,"column":8},"end":{"line":701,"column":9}}],"line":679},"39":{"loc":{"start":{"line":679,"column":13},"end":{"line":679,"column":41}},"type":"binary-expr","locations":[{"start":{"line":679,"column":13},"end":{"line":679,"column":22}},{"start":{"line":679,"column":26},"end":{"line":679,"column":41}}],"line":679},"40":{"loc":{"start":{"line":705,"column":8},"end":{"line":727,"column":9}},"type":"if","locations":[{"start":{"line":705,"column":8},"end":{"line":727,"column":9}},{"start":{"line":705,"column":8},"end":{"line":727,"column":9}}],"line":705},"41":{"loc":{"start":{"line":705,"column":13},"end":{"line":705,"column":43}},"type":"binary-expr","locations":[{"start":{"line":705,"column":13},"end":{"line":705,"column":23}},{"start":{"line":705,"column":27},"end":{"line":705,"column":43}}],"line":705},"42":{"loc":{"start":{"line":748,"column":15},"end":{"line":748,"column":91}},"type":"binary-expr","locations":[{"start":{"line":748,"column":15},"end":{"line":748,"column":47}},{"start":{"line":748,"column":51},"end":{"line":748,"column":91}}],"line":748},"43":{"loc":{"start":{"line":752,"column":29},"end":{"line":752,"column":140}},"type":"binary-expr","locations":[{"start":{"line":752,"column":29},"end":{"line":752,"column":76}},{"start":{"line":752,"column":80},"end":{"line":752,"column":140}}],"line":752},"44":{"loc":{"start":{"line":754,"column":8},"end":{"line":759,"column":9}},"type":"if","locations":[{"start":{"line":754,"column":8},"end":{"line":759,"column":9}},{"start":{"line":754,"column":8},"end":{"line":759,"column":9}}],"line":754},"45":{"loc":{"start":{"line":766,"column":10},"end":{"line":777,"column":11}},"type":"if","locations":[{"start":{"line":766,"column":10},"end":{"line":777,"column":11}},{"start":{"line":766,"column":10},"end":{"line":777,"column":11}}],"line":766},"46":{"loc":{"start":{"line":766,"column":14},"end":{"line":766,"column":77}},"type":"binary-expr","locations":[{"start":{"line":766,"column":14},"end":{"line":766,"column":43}},{"start":{"line":766,"column":47},"end":{"line":766,"column":77}}],"line":766},"47":{"loc":{"start":{"line":780,"column":10},"end":{"line":783,"column":11}},"type":"if","locations":[{"start":{"line":780,"column":10},"end":{"line":783,"column":11}},{"start":{"line":780,"column":10},"end":{"line":783,"column":11}}],"line":780},"48":{"loc":{"start":{"line":793,"column":15},"end":{"line":793,"column":150}},"type":"binary-expr","locations":[{"start":{"line":793,"column":15},"end":{"line":793,"column":47}},{"start":{"line":793,"column":51},"end":{"line":793,"column":103}},{"start":{"line":793,"column":107},"end":{"line":793,"column":150}}],"line":793},"49":{"loc":{"start":{"line":818,"column":15},"end":{"line":818,"column":94}},"type":"binary-expr","locations":[{"start":{"line":818,"column":15},"end":{"line":818,"column":47}},{"start":{"line":818,"column":51},"end":{"line":818,"column":94}}],"line":818},"50":{"loc":{"start":{"line":834,"column":15},"end":{"line":834,"column":95}},"type":"binary-expr","locations":[{"start":{"line":834,"column":15},"end":{"line":834,"column":47}},{"start":{"line":834,"column":51},"end":{"line":834,"column":95}}],"line":834},"51":{"loc":{"start":{"line":867,"column":15},"end":{"line":867,"column":96}},"type":"binary-expr","locations":[{"start":{"line":867,"column":15},"end":{"line":867,"column":47}},{"start":{"line":867,"column":51},"end":{"line":867,"column":96}}],"line":867},"52":{"loc":{"start":{"line":961,"column":8},"end":{"line":963,"column":9}},"type":"if","locations":[{"start":{"line":961,"column":8},"end":{"line":963,"column":9}},{"start":{"line":961,"column":8},"end":{"line":963,"column":9}}],"line":961},"53":{"loc":{"start":{"line":964,"column":8},"end":{"line":970,"column":9}},"type":"if","locations":[{"start":{"line":964,"column":8},"end":{"line":970,"column":9}},{"start":{"line":964,"column":8},"end":{"line":970,"column":9}}],"line":964},"54":{"loc":{"start":{"line":966,"column":15},"end":{"line":970,"column":9}},"type":"if","locations":[{"start":{"line":966,"column":15},"end":{"line":970,"column":9}},{"start":{"line":966,"column":15},"end":{"line":970,"column":9}}],"line":966},"55":{"loc":{"start":{"line":968,"column":15},"end":{"line":970,"column":9}},"type":"if","locations":[{"start":{"line":968,"column":15},"end":{"line":970,"column":9}},{"start":{"line":968,"column":15},"end":{"line":970,"column":9}}],"line":968},"56":{"loc":{"start":{"line":1044,"column":12},"end":{"line":1048,"column":13}},"type":"if","locations":[{"start":{"line":1044,"column":12},"end":{"line":1048,"column":13}},{"start":{"line":1044,"column":12},"end":{"line":1048,"column":13}}],"line":1044},"57":{"loc":{"start":{"line":1057,"column":8},"end":{"line":1072,"column":9}},"type":"if","locations":[{"start":{"line":1057,"column":8},"end":{"line":1072,"column":9}},{"start":{"line":1057,"column":8},"end":{"line":1072,"column":9}}],"line":1057},"58":{"loc":{"start":{"line":1061,"column":47},"end":{"line":1061,"column":73}},"type":"binary-expr","locations":[{"start":{"line":1061,"column":47},"end":{"line":1061,"column":67}},{"start":{"line":1061,"column":71},"end":{"line":1061,"column":73}}],"line":1061},"59":{"loc":{"start":{"line":1062,"column":24},"end":{"line":1063,"column":66}},"type":"if","locations":[{"start":{"line":1062,"column":24},"end":{"line":1063,"column":66}},{"start":{"line":1062,"column":24},"end":{"line":1063,"column":66}}],"line":1062},"60":{"loc":{"start":{"line":1082,"column":21},"end":{"line":1082,"column":116}},"type":"cond-expr","locations":[{"start":{"line":1082,"column":78},"end":{"line":1082,"column":82}},{"start":{"line":1082,"column":85},"end":{"line":1082,"column":116}}],"line":1082},"61":{"loc":{"start":{"line":1083,"column":8},"end":{"line":1100,"column":9}},"type":"if","locations":[{"start":{"line":1083,"column":8},"end":{"line":1100,"column":9}},{"start":{"line":1083,"column":8},"end":{"line":1100,"column":9}}],"line":1083},"62":{"loc":{"start":{"line":1083,"column":11},"end":{"line":1083,"column":85}},"type":"binary-expr","locations":[{"start":{"line":1083,"column":11},"end":{"line":1083,"column":14}},{"start":{"line":1083,"column":18},"end":{"line":1083,"column":85}}],"line":1083}},"s":{"0":1,"1":1,"2":1,"3":1,"4":1,"5":1,"6":1,"7":1,"8":1,"9":1,"10":1,"11":1,"12":4,"13":1,"14":1,"15":1,"16":1,"17":1,"18":1,"19":0,"20":0,"21":0,"22":0,"23":0,"24":0,"25":1,"26":1,"27":1,"28":1,"29":1,"30":1,"31":0,"32":1,"33":1,"34":1,"35":0,"36":1,"37":1,"38":3,"39":0,"40":0,"41":0,"42":0,"43":0,"44":0,"45":0,"46":0,"47":0,"48":0,"49":0,"50":0,"51":0,"52":0,"53":0,"54":0,"55":0,"56":0,"57":0,"58":0,"59":0,"60":0,"61":0,"62":0,"63":0,"64":0,"65":0,"66":0,"67":0,"68":0,"69":0,"70":0,"71":0,"72":0,"73":0,"74":0,"75":1,"76":1,"77":0,"78":0,"79":0,"80":0,"81":0,"82":0,"83":0,"84":0,"85":0,"86":0,"87":1,"88":3,"89":0,"90":0,"91":0,"92":0,"93":0,"94":0,"95":0,"96":1,"97":1,"98":0,"99":0,"100":0,"101":0,"102":0,"103":0,"104":0,"105":0,"106":1,"107":3,"108":0,"109":0,"110":0,"111":0,"112":0,"113":0,"114":0,"115":0,"116":0,"117":0,"118":0,"119":0,"120":0,"121":0,"122":1,"123":1,"124":0,"125":0,"126":0,"127":0,"128":0,"129":0,"130":1,"131":3,"132":3,"133":0,"134":0,"135":0,"136":0,"137":0,"138":0,"139":0,"140":0,"141":0,"142":1,"143":3,"144":3,"145":0,"146":0,"147":0,"148":0,"149":0,"150":0,"151":0,"152":0,"153":0,"154":0,"155":0,"156":0,"157":0,"158":1,"159":1,"160":1,"161":0,"162":0,"163":0,"164":0,"165":0,"166":0,"167":0,"168":1,"169":2,"170":2,"171":1,"172":1,"173":1,"174":1,"175":1,"176":1,"177":1,"178":0,"179":0,"180":0,"181":0,"182":0,"183":0,"184":0,"185":0,"186":0,"187":0,"188":0,"189":0,"190":0,"191":0,"192":0,"193":0,"194":0,"195":0,"196":0,"197":0,"198":0,"199":0,"200":0,"201":0,"202":0,"203":1,"204":1,"205":1,"206":1,"207":1,"208":1,"209":1,"210":1,"211":0,"212":1,"213":1,"214":1,"215":0,"216":1,"217":1,"218":1,"219":0,"220":1,"221":1,"222":1,"223":1,"224":0,"225":0,"226":0,"227":0,"228":0,"229":0,"230":0,"231":0,"232":0,"233":0,"234":0,"235":0,"236":0,"237":0,"238":0,"239":0,"240":0,"241":0,"242":0,"243":1,"244":0,"245":0,"246":0,"247":0,"248":0,"249":0,"250":1,"251":3,"252":3,"253":1,"254":1,"255":1,"256":2,"257":2,"258":0,"259":0,"260":0,"261":0,"262":1,"263":2,"264":2,"265":0,"266":0,"267":0,"268":1,"269":0,"270":0,"271":0,"272":0,"273":0,"274":0,"275":0,"276":1,"277":0,"278":0,"279":0,"280":0,"281":0,"282":1,"283":0,"284":0,"285":0,"286":0,"287":0,"288":0,"289":0,"290":0,"291":0,"292":0,"293":0,"294":0,"295":0,"296":0,"297":0,"298":0,"299":0,"300":0,"301":1,"302":1,"303":0,"304":0,"305":0,"306":1,"307":0,"308":0,"309":0,"310":0,"311":0,"312":0,"313":0,"314":1,"315":4,"316":1,"317":4,"318":1,"319":4,"320":4,"321":5,"322":5,"323":0,"324":5,"325":1,"326":4,"327":1,"328":1,"329":1,"330":1,"331":1,"332":1,"333":1,"334":1,"335":0,"336":1,"337":4,"338":4,"339":4,"340":4,"341":2,"342":2,"343":2,"344":2,"345":2,"346":2,"347":2,"348":2,"349":2,"350":2,"351":0,"352":1},"f":{"0":4,"1":1,"2":3,"3":0,"4":1,"5":0,"6":3,"7":0,"8":1,"9":0,"10":3,"11":0,"12":1,"13":0,"14":3,"15":0,"16":3,"17":0,"18":1,"19":0,"20":2,"21":1,"22":1,"23":0,"24":1,"25":1,"26":1,"27":0,"28":0,"29":0,"30":3,"31":1,"32":2,"33":0,"34":2,"35":0,"36":0,"37":0,"38":0,"39":0,"40":0,"41":0,"42":1,"43":0,"44":0,"45":0,"46":4,"47":4,"48":4,"49":5,"50":4,"51":1,"52":1,"53":0,"54":4,"55":2,"56":2,"57":0},"b":{"0":[0,1],"1":[0,0],"2":[0,1],"3":[0,1],"4":[3,3],"5":[0,0],"6":[0,0],"7":[0,0],"8":[0,0],"9":[0,0],"10":[0,0],"11":[0,0],"12":[0,0],"13":[1,1],"14":[3,3],"15":[0,0],"16":[0,0],"17":[1,1],"18":[0,0],"19":[3,3],"20":[0,0],"21":[0,0,0],"22":[0,0],"23":[0,0],"24":[1,1],"25":[3,3],"26":[3,3],"27":[0,0],"28":[0,0],"29":[1,1],"30":[2,2],"31":[1,1],"32":[0,0],"33":[0,0],"34":[0,0],"35":[1,1],"36":[0,1],"37":[1,1],"38":[0,1],"39":[1,1],"40":[0,1],"41":[1,1],"42":[1,1],"43":[0,0],"44":[0,0],"45":[0,0],"46":[0,0],"47":[0,0],"48":[0,0,0],"49":[3,3],"50":[2,2],"51":[2,2],"52":[0,0],"53":[0,0],"54":[0,0],"55":[0,0],"56":[0,5],"57":[1,3],"58":[1,0],"59":[1,0],"60":[2,2],"61":[2,2],"62":[4,2]},"_coverageSchema":"43e27e138ebf9cfc5966b082cf9a028302ed4184","hash":"ac2eda2cacc53e244767b2d7ef3bfd284eca20fb"}
,"/Users/arnout.catorpaconsulting.com/OneDrive - PA Consulting Group/lonac70/voice/alexa/MyDailyMenu/lambda/menu.js": {"path":"/Users/arnout.catorpaconsulting.com/OneDrive - PA Consulting Group/lonac70/voice/alexa/MyDailyMenu/lambda/menu.js","statementMap":{"0":{"start":{"line":18,"column":20},"end":{"line":195,"column":1}},"1":{"start":{"line":197,"column":17},"end":{"line":217,"column":4}},"2":{"start":{"line":219,"column":15},"end":{"line":231,"column":1}},"3":{"start":{"line":233,"column":26},"end":{"line":260,"column":1}},"4":{"start":{"line":234,"column":18},"end":{"line":234,"column":20}},"5":{"start":{"line":236,"column":2},"end":{"line":244,"column":3}},"6":{"start":{"line":237,"column":4},"end":{"line":237,"column":72}},"7":{"start":{"line":238,"column":4},"end":{"line":238,"column":73}},"8":{"start":{"line":239,"column":28},"end":{"line":239,"column":59}},"9":{"start":{"line":240,"column":22},"end":{"line":240,"column":55}},"10":{"start":{"line":241,"column":4},"end":{"line":241,"column":70}},"11":{"start":{"line":242,"column":4},"end":{"line":242,"column":62}},"12":{"start":{"line":243,"column":4},"end":{"line":243,"column":66}},"13":{"start":{"line":246,"column":2},"end":{"line":250,"column":3}},"14":{"start":{"line":247,"column":6},"end":{"line":247,"column":65}},"15":{"start":{"line":248,"column":6},"end":{"line":248,"column":59}},"16":{"start":{"line":249,"column":6},"end":{"line":249,"column":64}},"17":{"start":{"line":252,"column":2},"end":{"line":257,"column":3}},"18":{"start":{"line":253,"column":6},"end":{"line":255,"column":7}},"19":{"start":{"line":254,"column":10},"end":{"line":254,"column":28}},"20":{"start":{"line":256,"column":6},"end":{"line":256,"column":39}},"21":{"start":{"line":259,"column":2},"end":{"line":259,"column":19}},"22":{"start":{"line":262,"column":33},"end":{"line":267,"column":1}},"23":{"start":{"line":263,"column":2},"end":{"line":263,"column":44}},"24":{"start":{"line":264,"column":2},"end":{"line":264,"column":47}},"25":{"start":{"line":265,"column":2},"end":{"line":265,"column":53}},"26":{"start":{"line":266,"column":2},"end":{"line":266,"column":34}},"27":{"start":{"line":269,"column":33},"end":{"line":273,"column":1}},"28":{"start":{"line":270,"column":4},"end":{"line":272,"column":8}},"29":{"start":{"line":271,"column":8},"end":{"line":271,"column":27}},"30":{"start":{"line":274,"column":30},"end":{"line":282,"column":1}},"31":{"start":{"line":275,"column":4},"end":{"line":275,"column":77}},"32":{"start":{"line":276,"column":4},"end":{"line":278,"column":5}},"33":{"start":{"line":277,"column":8},"end":{"line":277,"column":20}},"34":{"start":{"line":279,"column":18},"end":{"line":280,"column":113}},"35":{"start":{"line":280,"column":6},"end":{"line":280,"column":112}},"36":{"start":{"line":281,"column":4},"end":{"line":281,"column":19}},"37":{"start":{"line":284,"column":18},"end":{"line":286,"column":1}},"38":{"start":{"line":285,"column":2},"end":{"line":285,"column":41}},"39":{"start":{"line":285,"column":29},"end":{"line":285,"column":39}},"40":{"start":{"line":287,"column":27},"end":{"line":294,"column":1}},"41":{"start":{"line":288,"column":2},"end":{"line":291,"column":3}},"42":{"start":{"line":289,"column":15},"end":{"line":289,"column":35}},"43":{"start":{"line":290,"column":4},"end":{"line":290,"column":34}},"44":{"start":{"line":292,"column":2},"end":{"line":292,"column":14}},"45":{"start":{"line":295,"column":0},"end":{"line":302,"column":2}}},"fnMap":{"0":{"name":"(anonymous_0)","decl":{"start":{"line":233,"column":26},"end":{"line":233,"column":27}},"loc":{"start":{"line":233,"column":37},"end":{"line":260,"column":1}},"line":233},"1":{"name":"(anonymous_1)","decl":{"start":{"line":262,"column":33},"end":{"line":262,"column":34}},"loc":{"start":{"line":262,"column":50},"end":{"line":267,"column":1}},"line":262},"2":{"name":"(anonymous_2)","decl":{"start":{"line":269,"column":33},"end":{"line":269,"column":34}},"loc":{"start":{"line":269,"column":39},"end":{"line":273,"column":1}},"line":269},"3":{"name":"(anonymous_3)","decl":{"start":{"line":270,"column":24},"end":{"line":270,"column":25}},"loc":{"start":{"line":270,"column":43},"end":{"line":272,"column":7}},"line":270},"4":{"name":"(anonymous_4)","decl":{"start":{"line":274,"column":30},"end":{"line":274,"column":31}},"loc":{"start":{"line":274,"column":51},"end":{"line":282,"column":1}},"line":274},"5":{"name":"(anonymous_5)","decl":{"start":{"line":279,"column":32},"end":{"line":279,"column":33}},"loc":{"start":{"line":280,"column":6},"end":{"line":280,"column":112}},"line":280},"6":{"name":"(anonymous_6)","decl":{"start":{"line":284,"column":18},"end":{"line":284,"column":19}},"loc":{"start":{"line":284,"column":24},"end":{"line":286,"column":1}},"line":284},"7":{"name":"(anonymous_7)","decl":{"start":{"line":285,"column":20},"end":{"line":285,"column":21}},"loc":{"start":{"line":285,"column":29},"end":{"line":285,"column":39}},"line":285},"8":{"name":"(anonymous_8)","decl":{"start":{"line":287,"column":27},"end":{"line":287,"column":28}},"loc":{"start":{"line":287,"column":37},"end":{"line":294,"column":1}},"line":287}},"branchMap":{"0":{"loc":{"start":{"line":236,"column":2},"end":{"line":244,"column":3}},"type":"if","locations":[{"start":{"line":236,"column":2},"end":{"line":244,"column":3}},{"start":{"line":236,"column":2},"end":{"line":244,"column":3}}],"line":236},"1":{"loc":{"start":{"line":246,"column":2},"end":{"line":250,"column":3}},"type":"if","locations":[{"start":{"line":246,"column":2},"end":{"line":250,"column":3}},{"start":{"line":246,"column":2},"end":{"line":250,"column":3}}],"line":246},"2":{"loc":{"start":{"line":252,"column":2},"end":{"line":257,"column":3}},"type":"if","locations":[{"start":{"line":252,"column":2},"end":{"line":257,"column":3}},{"start":{"line":252,"column":2},"end":{"line":257,"column":3}}],"line":252},"3":{"loc":{"start":{"line":253,"column":6},"end":{"line":255,"column":7}},"type":"if","locations":[{"start":{"line":253,"column":6},"end":{"line":255,"column":7}},{"start":{"line":253,"column":6},"end":{"line":255,"column":7}}],"line":253},"4":{"loc":{"start":{"line":276,"column":4},"end":{"line":278,"column":5}},"type":"if","locations":[{"start":{"line":276,"column":4},"end":{"line":278,"column":5}},{"start":{"line":276,"column":4},"end":{"line":278,"column":5}}],"line":276},"5":{"loc":{"start":{"line":280,"column":6},"end":{"line":280,"column":112}},"type":"binary-expr","locations":[{"start":{"line":280,"column":7},"end":{"line":280,"column":53}},{"start":{"line":280,"column":59},"end":{"line":280,"column":111}}],"line":280},"6":{"loc":{"start":{"line":288,"column":2},"end":{"line":291,"column":3}},"type":"if","locations":[{"start":{"line":288,"column":2},"end":{"line":291,"column":3}},{"start":{"line":288,"column":2},"end":{"line":291,"column":3}}],"line":288}},"s":{"0":1,"1":1,"2":1,"3":1,"4":0,"5":0,"6":0,"7":0,"8":0,"9":0,"10":0,"11":0,"12":0,"13":0,"14":0,"15":0,"16":0,"17":0,"18":0,"19":0,"20":0,"21":0,"22":1,"23":0,"24":0,"25":0,"26":0,"27":1,"28":0,"29":0,"30":1,"31":0,"32":0,"33":0,"34":0,"35":0,"36":0,"37":1,"38":0,"39":0,"40":1,"41":0,"42":0,"43":0,"44":0,"45":1},"f":{"0":0,"1":0,"2":0,"3":0,"4":0,"5":0,"6":0,"7":0,"8":0},"b":{"0":[0,0],"1":[0,0],"2":[0,0],"3":[0,0],"4":[0,0],"5":[0,0],"6":[0,0]},"_coverageSchema":"43e27e138ebf9cfc5966b082cf9a028302ed4184","hash":"b9562a75a35ee059a09ea18f13a7bd60fa328fc1"}
,"/Users/arnout.catorpaconsulting.com/OneDrive - PA Consulting Group/lonac70/voice/alexa/MyDailyMenu/lambda/requestUtils.js": {"path":"/Users/arnout.catorpaconsulting.com/OneDrive - PA Consulting Group/lonac70/voice/alexa/MyDailyMenu/lambda/requestUtils.js","statementMap":{"0":{"start":{"line":18,"column":14},"end":{"line":18,"column":37}},"1":{"start":{"line":26,"column":18},"end":{"line":35,"column":1}},"2":{"start":{"line":27,"column":4},"end":{"line":34,"column":5}},"3":{"start":{"line":28,"column":8},"end":{"line":28,"column":36}},"4":{"start":{"line":29,"column":8},"end":{"line":29,"column":106}},"5":{"start":{"line":30,"column":8},"end":{"line":30,"column":71}},"6":{"start":{"line":32,"column":8},"end":{"line":32,"column":68}},"7":{"start":{"line":33,"column":8},"end":{"line":33,"column":20}},"8":{"start":{"line":36,"column":18},"end":{"line":38,"column":1}},"9":{"start":{"line":37,"column":4},"end":{"line":37,"column":62}},"10":{"start":{"line":39,"column":20},"end":{"line":47,"column":1}},"11":{"start":{"line":40,"column":19},"end":{"line":40,"column":42}},"12":{"start":{"line":41,"column":4},"end":{"line":41,"column":34}},"13":{"start":{"line":42,"column":4},"end":{"line":42,"column":72}},"14":{"start":{"line":44,"column":4},"end":{"line":46,"column":5}},"15":{"start":{"line":45,"column":8},"end":{"line":45,"column":31}},"16":{"start":{"line":49,"column":24},"end":{"line":83,"column":1}},"17":{"start":{"line":50,"column":33},"end":{"line":50,"column":66}},"18":{"start":{"line":51,"column":21},"end":{"line":51,"column":80}},"19":{"start":{"line":52,"column":4},"end":{"line":52,"column":38}},"20":{"start":{"line":53,"column":4},"end":{"line":53,"column":108}},"21":{"start":{"line":56,"column":4},"end":{"line":66,"column":5}},"22":{"start":{"line":57,"column":33},"end":{"line":57,"column":75}},"23":{"start":{"line":58,"column":8},"end":{"line":58,"column":101}},"24":{"start":{"line":59,"column":8},"end":{"line":59,"column":74}},"25":{"start":{"line":60,"column":8},"end":{"line":60,"column":69}},"26":{"start":{"line":62,"column":8},"end":{"line":64,"column":9}},"27":{"start":{"line":63,"column":12},"end":{"line":63,"column":118}},"28":{"start":{"line":65,"column":8},"end":{"line":65,"column":44}},"29":{"start":{"line":67,"column":4},"end":{"line":67,"column":52}},"30":{"start":{"line":68,"column":22},"end":{"line":68,"column":78}},"31":{"start":{"line":69,"column":15},"end":{"line":69,"column":110}},"32":{"start":{"line":70,"column":4},"end":{"line":70,"column":68}},"33":{"start":{"line":72,"column":4},"end":{"line":78,"column":5}},"34":{"start":{"line":73,"column":8},"end":{"line":73,"column":29}},"35":{"start":{"line":74,"column":11},"end":{"line":78,"column":5}},"36":{"start":{"line":75,"column":8},"end":{"line":75,"column":25}},"37":{"start":{"line":77,"column":8},"end":{"line":77,"column":26}},"38":{"start":{"line":79,"column":4},"end":{"line":82,"column":5}},"39":{"start":{"line":91,"column":21},"end":{"line":99,"column":1}},"40":{"start":{"line":92,"column":4},"end":{"line":98,"column":5}},"41":{"start":{"line":93,"column":8},"end":{"line":94,"column":80}},"42":{"start":{"line":96,"column":8},"end":{"line":96,"column":79}},"43":{"start":{"line":97,"column":8},"end":{"line":97,"column":21}},"44":{"start":{"line":107,"column":24},"end":{"line":114,"column":1}},"45":{"start":{"line":108,"column":4},"end":{"line":113,"column":5}},"46":{"start":{"line":109,"column":8},"end":{"line":109,"column":73}},"47":{"start":{"line":111,"column":8},"end":{"line":111,"column":79}},"48":{"start":{"line":112,"column":8},"end":{"line":112,"column":20}},"49":{"start":{"line":121,"column":20},"end":{"line":128,"column":1}},"50":{"start":{"line":122,"column":4},"end":{"line":127,"column":5}},"51":{"start":{"line":123,"column":8},"end":{"line":123,"column":69}},"52":{"start":{"line":125,"column":8},"end":{"line":125,"column":79}},"53":{"start":{"line":126,"column":8},"end":{"line":126,"column":20}},"54":{"start":{"line":131,"column":0},"end":{"line":139,"column":2}}},"fnMap":{"0":{"name":"(anonymous_0)","decl":{"start":{"line":26,"column":18},"end":{"line":26,"column":19}},"loc":{"start":{"line":26,"column":36},"end":{"line":35,"column":1}},"line":26},"1":{"name":"(anonymous_1)","decl":{"start":{"line":36,"column":18},"end":{"line":36,"column":19}},"loc":{"start":{"line":36,"column":36},"end":{"line":38,"column":1}},"line":36},"2":{"name":"(anonymous_2)","decl":{"start":{"line":39,"column":20},"end":{"line":39,"column":21}},"loc":{"start":{"line":39,"column":38},"end":{"line":47,"column":1}},"line":39},"3":{"name":"(anonymous_3)","decl":{"start":{"line":49,"column":24},"end":{"line":49,"column":25}},"loc":{"start":{"line":49,"column":48},"end":{"line":83,"column":1}},"line":49},"4":{"name":"(anonymous_4)","decl":{"start":{"line":91,"column":21},"end":{"line":91,"column":22}},"loc":{"start":{"line":91,"column":48},"end":{"line":99,"column":1}},"line":91},"5":{"name":"(anonymous_5)","decl":{"start":{"line":107,"column":24},"end":{"line":107,"column":25}},"loc":{"start":{"line":107,"column":42},"end":{"line":114,"column":1}},"line":107},"6":{"name":"(anonymous_6)","decl":{"start":{"line":121,"column":20},"end":{"line":121,"column":21}},"loc":{"start":{"line":121,"column":38},"end":{"line":128,"column":1}},"line":121}},"branchMap":{"0":{"loc":{"start":{"line":44,"column":4},"end":{"line":46,"column":5}},"type":"if","locations":[{"start":{"line":44,"column":4},"end":{"line":46,"column":5}},{"start":{"line":44,"column":4},"end":{"line":46,"column":5}}],"line":44},"1":{"loc":{"start":{"line":62,"column":8},"end":{"line":64,"column":9}},"type":"if","locations":[{"start":{"line":62,"column":8},"end":{"line":64,"column":9}},{"start":{"line":62,"column":8},"end":{"line":64,"column":9}}],"line":62},"2":{"loc":{"start":{"line":72,"column":4},"end":{"line":78,"column":5}},"type":"if","locations":[{"start":{"line":72,"column":4},"end":{"line":78,"column":5}},{"start":{"line":72,"column":4},"end":{"line":78,"column":5}}],"line":72},"3":{"loc":{"start":{"line":72,"column":7},"end":{"line":72,"column":30}},"type":"binary-expr","locations":[{"start":{"line":72,"column":7},"end":{"line":72,"column":17}},{"start":{"line":72,"column":21},"end":{"line":72,"column":30}}],"line":72},"4":{"loc":{"start":{"line":74,"column":11},"end":{"line":78,"column":5}},"type":"if","locations":[{"start":{"line":74,"column":11},"end":{"line":78,"column":5}},{"start":{"line":74,"column":11},"end":{"line":78,"column":5}}],"line":74},"5":{"loc":{"start":{"line":74,"column":14},"end":{"line":74,"column":39}},"type":"binary-expr","locations":[{"start":{"line":74,"column":14},"end":{"line":74,"column":25}},{"start":{"line":74,"column":29},"end":{"line":74,"column":39}}],"line":74},"6":{"loc":{"start":{"line":93,"column":15},"end":{"line":94,"column":79}},"type":"binary-expr","locations":[{"start":{"line":93,"column":15},"end":{"line":93,"column":90}},{"start":{"line":94,"column":15},"end":{"line":94,"column":79}}],"line":93}},"s":{"0":1,"1":1,"2":0,"3":0,"4":0,"5":0,"6":0,"7":0,"8":1,"9":2,"10":1,"11":1,"12":1,"13":1,"14":1,"15":0,"16":1,"17":1,"18":1,"19":1,"20":1,"21":1,"22":1,"23":1,"24":1,"25":0,"26":1,"27":1,"28":0,"29":0,"30":0,"31":0,"32":0,"33":0,"34":0,"35":0,"36":0,"37":0,"38":0,"39":1,"40":0,"41":0,"42":0,"43":0,"44":1,"45":0,"46":0,"47":0,"48":0,"49":1,"50":0,"51":0,"52":0,"53":0,"54":1},"f":{"0":0,"1":2,"2":1,"3":1,"4":0,"5":0,"6":0},"b":{"0":[0,1],"1":[1,0],"2":[0,0],"3":[0,0],"4":[0,0],"5":[0,0],"6":[0,0]},"_coverageSchema":"43e27e138ebf9cfc5966b082cf9a028302ed4184","hash":"e3935bcb9ee5b3d5db6025da62b5277158bc9a6d"}
,"/Users/arnout.catorpaconsulting.com/OneDrive - PA Consulting Group/lonac70/voice/alexa/MyDailyMenu/lambda/resources.js": {"path":"/Users/arnout.catorpaconsulting.com/OneDrive - PA Consulting Group/lonac70/voice/alexa/MyDailyMenu/lambda/resources.js","statementMap":{"0":{"start":{"line":16,"column":0},"end":{"line":96,"column":2}}},"fnMap":{},"branchMap":{},"s":{"0":1},"f":{},"b":{},"_coverageSchema":"43e27e138ebf9cfc5966b082cf9a028302ed4184","hash":"cabab289c481792ebfe8c9e250fb9fa11168a102"}
}
