TN:
SF:/Users/arnout.catorpaconsulting.com/OneDrive - PA Consulting Group/lonac70/voice/alexa/MyDailyMenu/lambda/index.js
FN:56,(anonymous_0)
FN:67,(anonymous_1)
FN:143,(anonymous_2)
FN:147,(anonymous_3)
FN:258,(anonymous_4)
FN:262,(anonymous_5)
FN:287,(anonymous_6)
FN:291,(anonymous_7)
FN:311,(anonymous_8)
FN:315,(anonymous_9)
FN:349,(anonymous_10)
FN:353,(anonymous_11)
FN:390,(anonymous_12)
FN:403,(anonymous_13)
FN:426,(anonymous_14)
FN:430,(anonymous_15)
FN:458,(anonymous_16)
FN:469,(anonymous_17)
FN:494,(anonymous_18)
FN:504,(anonymous_19)
FN:522,(anonymous_20)
FN:532,(anonymous_21)
FN:548,(anonymous_22)
FN:560,(anonymous_23)
FN:643,(anonymous_24)
FN:647,(anonymous_25)
FN:746,(anonymous_26)
FN:750,(anonymous_27)
FN:791,(anonymous_28)
FN:804,(anonymous_29)
FN:816,(anonymous_30)
FN:820,(anonymous_31)
FN:832,(anonymous_32)
FN:836,(anonymous_33)
FN:865,(anonymous_34)
FN:869,(anonymous_35)
FN:884,(anonymous_36)
FN:896,(anonymous_37)
FN:922,(anonymous_38)
FN:931,(anonymous_39)
FN:944,(anonymous_40)
FN:953,(anonymous_41)
FN:984,(anonymous_42)
FN:987,(anonymous_43)
FN:1000,(anonymous_44)
FN:1003,(anonymous_45)
FN:1022,(anonymous_46)
FN:1028,(anonymous_47)
FN:1033,(anonymous_48)
FN:1042,(anonymous_49)
FN:1056,(anonymous_50)
FN:1058,(anonymous_51)
FN:1060,(anonymous_52)
FN:1068,(anonymous_53)
FN:1079,(anonymous_54)
FN:1091,(anonymous_55)
FN:1093,(anonymous_56)
FN:1096,(anonymous_57)
FNF:58
FNH:32
FNDA:4,(anonymous_0)
FNDA:1,(anonymous_1)
FNDA:3,(anonymous_2)
FNDA:0,(anonymous_3)
FNDA:1,(anonymous_4)
FNDA:0,(anonymous_5)
FNDA:3,(anonymous_6)
FNDA:0,(anonymous_7)
FNDA:1,(anonymous_8)
FNDA:0,(anonymous_9)
FNDA:3,(anonymous_10)
FNDA:0,(anonymous_11)
FNDA:1,(anonymous_12)
FNDA:0,(anonymous_13)
FNDA:3,(anonymous_14)
FNDA:0,(anonymous_15)
FNDA:3,(anonymous_16)
FNDA:0,(anonymous_17)
FNDA:1,(anonymous_18)
FNDA:0,(anonymous_19)
FNDA:2,(anonymous_20)
FNDA:1,(anonymous_21)
FNDA:1,(anonymous_22)
FNDA:0,(anonymous_23)
FNDA:1,(anonymous_24)
FNDA:1,(anonymous_25)
FNDA:1,(anonymous_26)
FNDA:0,(anonymous_27)
FNDA:0,(anonymous_28)
FNDA:0,(anonymous_29)
FNDA:3,(anonymous_30)
FNDA:1,(anonymous_31)
FNDA:2,(anonymous_32)
FNDA:0,(anonymous_33)
FNDA:2,(anonymous_34)
FNDA:0,(anonymous_35)
FNDA:0,(anonymous_36)
FNDA:0,(anonymous_37)
FNDA:0,(anonymous_38)
FNDA:0,(anonymous_39)
FNDA:0,(anonymous_40)
FNDA:0,(anonymous_41)
FNDA:1,(anonymous_42)
FNDA:0,(anonymous_43)
FNDA:0,(anonymous_44)
FNDA:0,(anonymous_45)
FNDA:4,(anonymous_46)
FNDA:4,(anonymous_47)
FNDA:4,(anonymous_48)
FNDA:5,(anonymous_49)
FNDA:4,(anonymous_50)
FNDA:1,(anonymous_51)
FNDA:1,(anonymous_52)
FNDA:0,(anonymous_53)
FNDA:4,(anonymous_54)
FNDA:2,(anonymous_55)
FNDA:2,(anonymous_56)
FNDA:0,(anonymous_57)
DA:17,1
DA:18,1
DA:19,1
DA:20,1
DA:23,1
DA:25,1
DA:27,1
DA:30,1
DA:32,1
DA:45,1
DA:46,1
DA:55,1
DA:57,4
DA:68,1
DA:69,1
DA:70,1
DA:71,1
DA:72,1
DA:76,1
DA:77,0
DA:78,0
DA:79,0
DA:84,0
DA:86,0
DA:89,0
DA:92,1
DA:93,1
DA:94,1
DA:95,1
DA:96,1
DA:97,1
DA:99,0
DA:108,1
DA:114,1
DA:116,1
DA:117,0
DA:123,1
DA:142,1
DA:144,3
DA:149,0
DA:150,0
DA:151,0
DA:152,0
DA:154,0
DA:155,0
DA:157,0
DA:158,0
DA:159,0
DA:160,0
DA:167,0
DA:168,0
DA:176,0
DA:184,0
DA:188,0
DA:189,0
DA:190,0
DA:192,0
DA:196,0
DA:201,0
DA:204,0
DA:205,0
DA:207,0
DA:208,0
DA:209,0
DA:211,0
DA:214,0
DA:215,0
DA:218,0
DA:219,0
DA:222,0
DA:224,0
DA:225,0
DA:226,0
DA:228,0
DA:251,0
DA:257,1
DA:259,1
DA:264,0
DA:266,0
DA:267,0
DA:268,0
DA:271,0
DA:274,0
DA:275,0
DA:276,0
DA:279,0
DA:280,0
DA:286,1
DA:288,3
DA:294,0
DA:295,0
DA:296,0
DA:297,0
DA:301,0
DA:302,0
DA:303,0
DA:310,1
DA:312,1
DA:317,0
DA:318,0
DA:321,0
DA:322,0
DA:325,0
DA:327,0
DA:330,0
DA:332,0
DA:348,1
DA:350,3
DA:355,0
DA:357,0
DA:360,0
DA:361,0
DA:364,0
DA:365,0
DA:366,0
DA:368,0
DA:371,0
DA:372,0
DA:376,0
DA:377,0
DA:380,0
DA:383,0
DA:389,1
DA:391,1
DA:405,0
DA:406,0
DA:407,0
DA:410,0
DA:413,0
DA:415,0
DA:425,1
DA:427,3
DA:428,3
DA:431,0
DA:436,0
DA:437,0
DA:440,0
DA:441,0
DA:442,0
DA:446,0
DA:449,0
DA:451,0
DA:457,1
DA:459,3
DA:460,3
DA:470,0
DA:472,0
DA:473,0
DA:474,0
DA:475,0
DA:476,0
DA:477,0
DA:478,0
DA:479,0
DA:482,0
DA:484,0
DA:485,0
DA:487,0
DA:493,1
DA:495,1
DA:496,1
DA:505,0
DA:508,0
DA:509,0
DA:512,0
DA:513,0
DA:514,0
DA:515,0
DA:521,1
DA:523,2
DA:524,2
DA:533,1
DA:536,1
DA:537,1
DA:538,1
DA:547,1
DA:549,1
DA:550,1
DA:561,0
DA:564,0
DA:565,0
DA:566,0
DA:568,0
DA:569,0
DA:571,0
DA:572,0
DA:573,0
DA:576,0
DA:577,0
DA:583,0
DA:584,0
DA:585,0
DA:589,0
DA:590,0
DA:597,0
DA:599,0
DA:600,0
DA:622,0
DA:623,0
DA:631,0
DA:634,0
DA:635,0
DA:636,0
DA:642,1
DA:644,1
DA:645,1
DA:648,1
DA:649,1
DA:650,1
DA:651,1
DA:653,1
DA:654,0
DA:677,1
DA:678,1
DA:679,1
DA:680,0
DA:703,1
DA:704,1
DA:705,1
DA:706,0
DA:728,1
DA:745,1
DA:747,1
DA:748,1
DA:751,0
DA:752,0
DA:754,0
DA:755,0
DA:760,0
DA:761,0
DA:762,0
DA:763,0
DA:766,0
DA:767,0
DA:769,0
DA:770,0
DA:773,0
DA:774,0
DA:778,0
DA:780,0
DA:781,0
DA:782,0
DA:784,0
DA:790,1
DA:792,0
DA:793,0
DA:805,0
DA:806,0
DA:807,0
DA:809,0
DA:815,1
DA:817,3
DA:818,3
DA:821,1
DA:822,1
DA:831,1
DA:833,2
DA:834,2
DA:837,0
DA:838,0
DA:839,0
DA:840,0
DA:864,1
DA:866,2
DA:867,2
DA:870,0
DA:871,0
DA:872,0
DA:883,1
DA:885,0
DA:897,0
DA:898,0
DA:899,0
DA:900,0
DA:901,0
DA:903,0
DA:921,1
DA:923,0
DA:932,0
DA:933,0
DA:934,0
DA:935,0
DA:943,1
DA:945,0
DA:954,0
DA:955,0
DA:956,0
DA:957,0
DA:958,0
DA:959,0
DA:960,0
DA:961,0
DA:962,0
DA:964,0
DA:965,0
DA:966,0
DA:967,0
DA:968,0
DA:969,0
DA:971,0
DA:973,0
DA:983,1
DA:985,1
DA:988,0
DA:989,0
DA:990,0
DA:999,1
DA:1001,0
DA:1004,0
DA:1005,0
DA:1006,0
DA:1009,0
DA:1010,0
DA:1011,0
DA:1021,1
DA:1023,4
DA:1027,1
DA:1029,4
DA:1032,1
DA:1034,4
DA:1042,4
DA:1043,5
DA:1044,5
DA:1045,0
DA:1047,5
DA:1055,1
DA:1057,4
DA:1058,1
DA:1059,1
DA:1061,1
DA:1062,1
DA:1063,1
DA:1064,1
DA:1065,1
DA:1066,1
DA:1069,0
DA:1078,1
DA:1080,4
DA:1081,4
DA:1082,4
DA:1083,4
DA:1084,2
DA:1085,2
DA:1086,2
DA:1087,2
DA:1088,2
DA:1089,2
DA:1090,2
DA:1091,2
DA:1092,2
DA:1094,2
DA:1097,0
DA:1108,1
LF:353
LH:132
BRDA:76,0,0,0
BRDA:76,0,1,1
BRDA:78,1,0,0
BRDA:78,1,1,0
BRDA:97,2,0,0
BRDA:97,2,1,1
BRDA:116,3,0,0
BRDA:116,3,1,1
BRDA:144,4,0,3
BRDA:144,4,1,3
BRDA:154,5,0,0
BRDA:154,5,1,0
BRDA:159,6,0,0
BRDA:159,6,1,0
BRDA:167,7,0,0
BRDA:167,7,1,0
BRDA:189,8,0,0
BRDA:189,8,1,0
BRDA:205,9,0,0
BRDA:205,9,1,0
BRDA:209,10,0,0
BRDA:209,10,1,0
BRDA:219,11,0,0
BRDA:219,11,1,0
BRDA:224,12,0,0
BRDA:224,12,1,0
BRDA:259,13,0,1
BRDA:259,13,1,1
BRDA:288,14,0,3
BRDA:288,14,1,3
BRDA:295,15,0,0
BRDA:295,15,1,0
BRDA:296,16,0,0
BRDA:296,16,1,0
BRDA:312,17,0,1
BRDA:312,17,1,1
BRDA:321,18,0,0
BRDA:321,18,1,0
BRDA:350,19,0,3
BRDA:350,19,1,3
BRDA:357,20,0,0
BRDA:357,20,1,0
BRDA:357,21,0,0
BRDA:357,21,1,0
BRDA:357,21,2,0
BRDA:366,22,0,0
BRDA:366,22,1,0
BRDA:366,23,0,0
BRDA:366,23,1,0
BRDA:391,24,0,1
BRDA:391,24,1,1
BRDA:428,25,0,3
BRDA:428,25,1,3
BRDA:460,26,0,3
BRDA:460,26,1,3
BRDA:475,27,0,0
BRDA:475,27,1,0
BRDA:478,28,0,0
BRDA:478,28,1,0
BRDA:496,29,0,1
BRDA:496,29,1,1
BRDA:524,30,0,2
BRDA:524,30,1,2
BRDA:550,31,0,1
BRDA:550,31,1,1
BRDA:571,32,0,0
BRDA:571,32,1,0
BRDA:583,33,0,0
BRDA:583,33,1,0
BRDA:599,34,0,0
BRDA:599,34,1,0
BRDA:645,35,0,1
BRDA:645,35,1,1
BRDA:653,36,0,0
BRDA:653,36,1,1
BRDA:653,37,0,1
BRDA:653,37,1,1
BRDA:679,38,0,0
BRDA:679,38,1,1
BRDA:679,39,0,1
BRDA:679,39,1,1
BRDA:705,40,0,0
BRDA:705,40,1,1
BRDA:705,41,0,1
BRDA:705,41,1,1
BRDA:748,42,0,1
BRDA:748,42,1,1
BRDA:752,43,0,0
BRDA:752,43,1,0
BRDA:754,44,0,0
BRDA:754,44,1,0
BRDA:766,45,0,0
BRDA:766,45,1,0
BRDA:766,46,0,0
BRDA:766,46,1,0
BRDA:780,47,0,0
BRDA:780,47,1,0
BRDA:793,48,0,0
BRDA:793,48,1,0
BRDA:793,48,2,0
BRDA:818,49,0,3
BRDA:818,49,1,3
BRDA:834,50,0,2
BRDA:834,50,1,2
BRDA:867,51,0,2
BRDA:867,51,1,2
BRDA:961,52,0,0
BRDA:961,52,1,0
BRDA:964,53,0,0
BRDA:964,53,1,0
BRDA:966,54,0,0
BRDA:966,54,1,0
BRDA:968,55,0,0
BRDA:968,55,1,0
BRDA:1044,56,0,0
BRDA:1044,56,1,5
BRDA:1057,57,0,1
BRDA:1057,57,1,3
BRDA:1061,58,0,1
BRDA:1061,58,1,0
BRDA:1062,59,0,1
BRDA:1062,59,1,0
BRDA:1082,60,0,2
BRDA:1082,60,1,2
BRDA:1083,61,0,2
BRDA:1083,61,1,2
BRDA:1083,62,0,4
BRDA:1083,62,1,2
BRF:128
BRH:55
end_of_record
TN:
SF:/Users/arnout.catorpaconsulting.com/OneDrive - PA Consulting Group/lonac70/voice/alexa/MyDailyMenu/lambda/menu.js
FN:233,(anonymous_0)
FN:262,(anonymous_1)
FN:269,(anonymous_2)
FN:270,(anonymous_3)
FN:274,(anonymous_4)
FN:279,(anonymous_5)
FN:284,(anonymous_6)
FN:285,(anonymous_7)
FN:287,(anonymous_8)
FNF:9
FNH:0
FNDA:0,(anonymous_0)
FNDA:0,(anonymous_1)
FNDA:0,(anonymous_2)
FNDA:0,(anonymous_3)
FNDA:0,(anonymous_4)
FNDA:0,(anonymous_5)
FNDA:0,(anonymous_6)
FNDA:0,(anonymous_7)
FNDA:0,(anonymous_8)
DA:18,1
DA:197,1
DA:219,1
DA:233,1
DA:234,0
DA:236,0
DA:237,0
DA:238,0
DA:239,0
DA:240,0
DA:241,0
DA:242,0
DA:243,0
DA:246,0
DA:247,0
DA:248,0
DA:249,0
DA:252,0
DA:253,0
DA:254,0
DA:256,0
DA:259,0
DA:262,1
DA:263,0
DA:264,0
DA:265,0
DA:266,0
DA:269,1
DA:270,0
DA:271,0
DA:274,1
DA:275,0
DA:276,0
DA:277,0
DA:279,0
DA:280,0
DA:281,0
DA:284,1
DA:285,0
DA:287,1
DA:288,0
DA:289,0
DA:290,0
DA:292,0
DA:295,1
LF:45
LH:10
BRDA:236,0,0,0
BRDA:236,0,1,0
BRDA:246,1,0,0
BRDA:246,1,1,0
BRDA:252,2,0,0
BRDA:252,2,1,0
BRDA:253,3,0,0
BRDA:253,3,1,0
BRDA:276,4,0,0
BRDA:276,4,1,0
BRDA:280,5,0,0
BRDA:280,5,1,0
BRDA:288,6,0,0
BRDA:288,6,1,0
BRF:14
BRH:0
end_of_record
TN:
SF:/Users/arnout.catorpaconsulting.com/OneDrive - PA Consulting Group/lonac70/voice/alexa/MyDailyMenu/lambda/requestUtils.js
FN:26,(anonymous_0)
FN:36,(anonymous_1)
FN:39,(anonymous_2)
FN:49,(anonymous_3)
FN:91,(anonymous_4)
FN:107,(anonymous_5)
FN:121,(anonymous_6)
FNF:7
FNH:3
FNDA:0,(anonymous_0)
FNDA:2,(anonymous_1)
FNDA:1,(anonymous_2)
FNDA:1,(anonymous_3)
FNDA:0,(anonymous_4)
FNDA:0,(anonymous_5)
FNDA:0,(anonymous_6)
DA:18,1
DA:26,1
DA:27,0
DA:28,0
DA:29,0
DA:30,0
DA:32,0
DA:33,0
DA:36,1
DA:37,2
DA:39,1
DA:40,1
DA:41,1
DA:42,1
DA:44,1
DA:45,0
DA:49,1
DA:50,1
DA:51,1
DA:52,1
DA:53,1
DA:56,1
DA:57,1
DA:58,1
DA:59,1
DA:60,0
DA:62,1
DA:63,1
DA:65,0
DA:67,0
DA:68,0
DA:69,0
DA:70,0
DA:72,0
DA:73,0
DA:74,0
DA:75,0
DA:77,0
DA:79,0
DA:91,1
DA:92,0
DA:93,0
DA:96,0
DA:97,0
DA:107,1
DA:108,0
DA:109,0
DA:111,0
DA:112,0
DA:121,1
DA:122,0
DA:123,0
DA:125,0
DA:126,0
DA:131,1
LF:55
LH:24
BRDA:44,0,0,0
BRDA:44,0,1,1
BRDA:62,1,0,1
BRDA:62,1,1,0
BRDA:72,2,0,0
BRDA:72,2,1,0
BRDA:72,3,0,0
BRDA:72,3,1,0
BRDA:74,4,0,0
BRDA:74,4,1,0
BRDA:74,5,0,0
BRDA:74,5,1,0
BRDA:93,6,0,0
BRDA:93,6,1,0
BRF:14
BRH:2
end_of_record
TN:
SF:/Users/arnout.catorpaconsulting.com/OneDrive - PA Consulting Group/lonac70/voice/alexa/MyDailyMenu/lambda/resources.js
FNF:0
FNH:0
DA:16,1
LF:1
LH:1
BRF:0
BRH:0
end_of_record
